This file contains any messages produced by compilers while
running configure, to aid debugging if configure makes a mistake.

It was created by libmicrohttpd configure 0.9.33, which was
generated by GNU Autoconf 2.69.  Invocation command line was

  $ ./configure 

## --------- ##
## Platform. ##
## --------- ##

hostname = ducs-ThinkPad-X200
uname -m = x86_64
uname -r = 3.5.0-13-generic
uname -s = Linux
uname -v = #14-Ubuntu SMP Wed Aug 29 16:48:44 UTC 2012

/usr/bin/uname -p = unknown
/bin/uname -X     = unknown

/bin/arch              = unknown
/usr/bin/arch -k       = unknown
/usr/convex/getsysinfo = unknown
/usr/bin/hostinfo      = unknown
/bin/machine           = unknown
/usr/bin/oslevel       = unknown
/bin/universe          = unknown

PATH: /usr/lib/jvm/java-1.6.0-openjdk/bin
PATH: /usr/lib/jvm/java-1.6.0-openjdk/jre/bin
PATH: /usr/lib/jvm/java-1.6.0-openjdk
PATH: /opt/brcm/hndtools-mipsel-uclibc/bin
PATH: /opt/brcm/hndtools-mipsel-linux/bin
PATH: /usr/local/sbin
PATH: /usr/local/bin
PATH: /usr/sbin
PATH: /usr/bin
PATH: /sbin
PATH: /bin


## ----------- ##
## Core tests. ##
## ----------- ##

configure:2466: checking for a BSD-compatible install
configure:2534: result: /usr/bin/install -c
configure:2545: checking whether build environment is sane
configure:2595: result: yes
configure:2736: checking for a thread-safe mkdir -p
configure:2775: result: /bin/mkdir -p
configure:2788: checking for gawk
configure:2818: result: no
configure:2788: checking for mawk
configure:2804: found /usr/bin/mawk
configure:2815: result: mawk
configure:2826: checking whether make sets $(MAKE)
configure:2848: result: yes
configure:2877: checking whether make supports nested variables
configure:2894: result: yes
configure:3012: checking for gawk
configure:3039: result: mawk
configure:3051: checking whether ln -s works
configure:3055: result: yes
configure:3062: checking whether make sets $(MAKE)
configure:3084: result: yes
configure:3097: checking build system type
configure:3111: result: x86_64-unknown-linux-gnu
configure:3131: checking host system type
configure:3144: result: x86_64-unknown-linux-gnu
configure:3176: checking for style of include used by make
configure:3204: result: GNU
configure:3275: checking for gcc
configure:3291: found /usr/bin/gcc
configure:3302: result: gcc
configure:3531: checking for C compiler version
configure:3540: gcc --version >&5
gcc (Ubuntu/Linaro 4.7.2-2ubuntu1) 4.7.2
Copyright (C) 2012 Free Software Foundation, Inc.
This is free software; see the source for copying conditions.  There is NO
warranty; not even for MERCHANTABILITY or FITNESS FOR A PARTICULAR PURPOSE.

configure:3551: $? = 0
configure:3540: gcc -v >&5
Using built-in specs.
COLLECT_GCC=gcc
COLLECT_LTO_WRAPPER=/usr/lib/gcc/x86_64-linux-gnu/4.7/lto-wrapper
Target: x86_64-linux-gnu
Configured with: ../src/configure -v --with-pkgversion='Ubuntu/Linaro 4.7.2-2ubuntu1' --with-bugurl=file:///usr/share/doc/gcc-4.7/README.Bugs --enable-languages=c,c++,go,fortran,objc,obj-c++ --prefix=/usr --program-suffix=-4.7 --enable-shared --enable-linker-build-id --with-system-zlib --libexecdir=/usr/lib --without-included-gettext --enable-threads=posix --with-gxx-include-dir=/usr/include/c++/4.7 --libdir=/usr/lib --enable-nls --with-sysroot=/ --enable-clocale=gnu --enable-libstdcxx-debug --enable-libstdcxx-time=yes --enable-gnu-unique-object --enable-plugin --enable-objc-gc --disable-werror --with-arch-32=i686 --with-tune=generic --enable-checking=release --build=x86_64-linux-gnu --host=x86_64-linux-gnu --target=x86_64-linux-gnu
Thread model: posix
gcc version 4.7.2 (Ubuntu/Linaro 4.7.2-2ubuntu1) 
configure:3551: $? = 0
configure:3540: gcc -V >&5
gcc: error: unrecognized command line option '-V'
gcc: fatal error: no input files
compilation terminated.
configure:3551: $? = 4
configure:3540: gcc -qversion >&5
gcc: error: unrecognized command line option '-qversion'
gcc: fatal error: no input files
compilation terminated.
configure:3551: $? = 4
configure:3571: checking whether the C compiler works
configure:3593: gcc    conftest.c  >&5
configure:3597: $? = 0
configure:3645: result: yes
configure:3648: checking for C compiler default output file name
configure:3650: result: a.out
configure:3656: checking for suffix of executables
configure:3663: gcc -o conftest    conftest.c  >&5
configure:3667: $? = 0
configure:3689: result: 
configure:3711: checking whether we are cross compiling
configure:3719: gcc -o conftest    conftest.c  >&5
configure:3723: $? = 0
configure:3730: ./conftest
configure:3734: $? = 0
configure:3749: result: no
configure:3754: checking for suffix of object files
configure:3776: gcc -c   conftest.c >&5
configure:3780: $? = 0
configure:3801: result: o
configure:3805: checking whether we are using the GNU C compiler
configure:3824: gcc -c   conftest.c >&5
configure:3824: $? = 0
configure:3833: result: yes
configure:3842: checking whether gcc accepts -g
configure:3862: gcc -c -g  conftest.c >&5
configure:3862: $? = 0
configure:3903: result: yes
configure:3920: checking for gcc option to accept ISO C89
configure:3983: gcc  -c -g -O2  conftest.c >&5
configure:3983: $? = 0
configure:3996: result: none needed
configure:4018: checking dependency style of gcc
configure:4129: result: gcc3
configure:4145: checking whether gcc and cc understand -c and -o together
configure:4176: gcc -c conftest.c -o conftest2.o >&5
configure:4180: $? = 0
configure:4186: gcc -c conftest.c -o conftest2.o >&5
configure:4190: $? = 0
configure:4201: cc -c conftest.c >&5
configure:4205: $? = 0
configure:4213: cc -c conftest.c -o conftest2.o >&5
configure:4217: $? = 0
configure:4223: cc -c conftest.c -o conftest2.o >&5
configure:4227: $? = 0
configure:4245: result: yes
configure:4619: checking how to print strings
configure:4646: result: printf
configure:4667: checking for a sed that does not truncate output
configure:4731: result: /bin/sed
configure:4749: checking for grep that handles long lines and -e
configure:4807: result: /bin/grep
configure:4812: checking for egrep
configure:4874: result: /bin/grep -E
configure:4879: checking for fgrep
configure:4941: result: /bin/grep -F
configure:4976: checking for ld used by gcc
configure:5043: result: /usr/bin/ld
configure:5050: checking if the linker (/usr/bin/ld) is GNU ld
configure:5065: result: yes
configure:5077: checking for BSD- or MS-compatible name lister (nm)
configure:5126: result: /usr/bin/nm -B
configure:5256: checking the name lister (/usr/bin/nm -B) interface
configure:5263: gcc -c -g -O2  conftest.c >&5
configure:5266: /usr/bin/nm -B "conftest.o"
configure:5269: output
0000000000000000 B some_variable
configure:5276: result: BSD nm
configure:5280: checking the maximum length of command line arguments
configure:5410: result: 1572864
configure:5427: checking whether the shell understands some XSI constructs
configure:5437: result: yes
configure:5441: checking whether the shell understands "+="
configure:5447: result: yes
configure:5482: checking how to convert x86_64-unknown-linux-gnu file names to x86_64-unknown-linux-gnu format
configure:5522: result: func_convert_file_noop
configure:5529: checking how to convert x86_64-unknown-linux-gnu file names to toolchain format
configure:5549: result: func_convert_file_noop
configure:5556: checking for /usr/bin/ld option to reload object files
configure:5563: result: -r
configure:5637: checking for objdump
configure:5664: result: objdump
configure:5693: checking how to recognize dependent libraries
configure:5891: result: pass_all
configure:5976: checking for dlltool
configure:6003: result: dlltool
configure:6033: checking how to associate runtime and link libraries
configure:6060: result: printf %s\n
configure:6121: checking for ar
configure:6137: found /usr/bin/ar
configure:6148: result: ar
configure:6185: checking for archiver @FILE support
configure:6202: gcc -c -g -O2  conftest.c >&5
configure:6202: $? = 0
configure:6205: ar cru libconftest.a @conftest.lst >&5
configure:6208: $? = 0
configure:6213: ar cru libconftest.a @conftest.lst >&5
ar: conftest.o: No such file or directory
configure:6216: $? = 1
configure:6228: result: @
configure:6286: checking for strip
configure:6302: found /usr/bin/strip
configure:6313: result: strip
configure:6385: checking for ranlib
configure:6401: found /usr/bin/ranlib
configure:6412: result: ranlib
configure:6514: checking command to parse /usr/bin/nm -B output from gcc object
configure:6634: gcc -c -g -O2  conftest.c >&5
configure:6637: $? = 0
configure:6641: /usr/bin/nm -B conftest.o \| sed -n -e 's/^.*[ ]\([ABCDGIRSTW][ABCDGIRSTW]*\)[ ][ ]*\([_A-Za-z][_A-Za-z0-9]*\)$/\1 \2 \2/p' | sed '/ __gnu_lto/d' \> conftest.nm
configure:6644: $? = 0
configure:6710: gcc -o conftest -g -O2   conftest.c conftstm.o >&5
configure:6713: $? = 0
configure:6751: result: ok
configure:6788: checking for sysroot
configure:6818: result: no
configure:6895: gcc -c -g -O2  conftest.c >&5
configure:6898: $? = 0
configure:7074: checking for mt
configure:7090: found /bin/mt
configure:7101: result: mt
configure:7124: checking if mt is a manifest tool
configure:7130: mt '-?'
configure:7138: result: no
configure:7780: checking how to run the C preprocessor
configure:7811: gcc -E  conftest.c
configure:7811: $? = 0
configure:7825: gcc -E  conftest.c
conftest.c:11:28: fatal error: ac_nonexistent.h: No such file or directory
compilation terminated.
configure:7825: $? = 1
configure: failed program was:
| /* confdefs.h */
| #define PACKAGE_NAME "libmicrohttpd"
| #define PACKAGE_TARNAME "libmicrohttpd"
| #define PACKAGE_VERSION "0.9.33"
| #define PACKAGE_STRING "libmicrohttpd 0.9.33"
| #define PACKAGE_BUGREPORT "libmicrohttpd@gnu.org"
| #define PACKAGE_URL ""
| #define PACKAGE "libmicrohttpd"
| #define VERSION "0.9.33"
| /* end confdefs.h.  */
| #include <ac_nonexistent.h>
configure:7850: result: gcc -E
configure:7870: gcc -E  conftest.c
configure:7870: $? = 0
configure:7884: gcc -E  conftest.c
conftest.c:11:28: fatal error: ac_nonexistent.h: No such file or directory
compilation terminated.
configure:7884: $? = 1
configure: failed program was:
| /* confdefs.h */
| #define PACKAGE_NAME "libmicrohttpd"
| #define PACKAGE_TARNAME "libmicrohttpd"
| #define PACKAGE_VERSION "0.9.33"
| #define PACKAGE_STRING "libmicrohttpd 0.9.33"
| #define PACKAGE_BUGREPORT "libmicrohttpd@gnu.org"
| #define PACKAGE_URL ""
| #define PACKAGE "libmicrohttpd"
| #define VERSION "0.9.33"
| /* end confdefs.h.  */
| #include <ac_nonexistent.h>
configure:7913: checking for ANSI C header files
configure:7933: gcc -c -g -O2  conftest.c >&5
configure:7933: $? = 0
configure:8006: gcc -o conftest -g -O2   conftest.c  >&5
configure:8006: $? = 0
configure:8006: ./conftest
configure:8006: $? = 0
configure:8017: result: yes
configure:8030: checking for sys/types.h
configure:8030: gcc -c -g -O2  conftest.c >&5
configure:8030: $? = 0
configure:8030: result: yes
configure:8030: checking for sys/stat.h
configure:8030: gcc -c -g -O2  conftest.c >&5
configure:8030: $? = 0
configure:8030: result: yes
configure:8030: checking for stdlib.h
configure:8030: gcc -c -g -O2  conftest.c >&5
configure:8030: $? = 0
configure:8030: result: yes
configure:8030: checking for string.h
configure:8030: gcc -c -g -O2  conftest.c >&5
configure:8030: $? = 0
configure:8030: result: yes
configure:8030: checking for memory.h
configure:8030: gcc -c -g -O2  conftest.c >&5
configure:8030: $? = 0
configure:8030: result: yes
configure:8030: checking for strings.h
configure:8030: gcc -c -g -O2  conftest.c >&5
configure:8030: $? = 0
configure:8030: result: yes
configure:8030: checking for inttypes.h
configure:8030: gcc -c -g -O2  conftest.c >&5
configure:8030: $? = 0
configure:8030: result: yes
configure:8030: checking for stdint.h
configure:8030: gcc -c -g -O2  conftest.c >&5
configure:8030: $? = 0
configure:8030: result: yes
configure:8030: checking for unistd.h
configure:8030: gcc -c -g -O2  conftest.c >&5
configure:8030: $? = 0
configure:8030: result: yes
configure:8044: checking for dlfcn.h
configure:8044: gcc -c -g -O2  conftest.c >&5
configure:8044: $? = 0
configure:8044: result: yes
configure:8248: checking for objdir
configure:8263: result: .libs
configure:8534: checking if gcc supports -fno-rtti -fno-exceptions
configure:8552: gcc -c -g -O2  -fno-rtti -fno-exceptions conftest.c >&5
cc1: warning: command line option '-fno-rtti' is valid for C++/ObjC++ but not for C [enabled by default]
configure:8556: $? = 0
configure:8569: result: no
configure:8896: checking for gcc option to produce PIC
configure:8903: result: -fPIC -DPIC
configure:8911: checking if gcc PIC flag -fPIC -DPIC works
configure:8929: gcc -c -g -O2  -fPIC -DPIC -DPIC conftest.c >&5
configure:8933: $? = 0
configure:8946: result: yes
configure:8975: checking if gcc static flag -static works
configure:9003: result: yes
configure:9018: checking if gcc supports -c -o file.o
configure:9039: gcc -c -g -O2  -o out/conftest2.o conftest.c >&5
configure:9043: $? = 0
configure:9065: result: yes
configure:9073: checking if gcc supports -c -o file.o
configure:9120: result: yes
configure:9153: checking whether the gcc linker (/usr/bin/ld -m elf_x86_64) supports shared libraries
configure:10310: result: yes
configure:10347: checking whether -lc should be explicitly linked in
configure:10355: gcc -c -g -O2  conftest.c >&5
configure:10358: $? = 0
configure:10373: gcc -shared  -fPIC -DPIC conftest.o  -v -Wl,-soname -Wl,conftest -o conftest 2\>\&1 \| /bin/grep  -lc  \>/dev/null 2\>\&1
configure:10376: $? = 0
configure:10390: result: no
configure:10550: checking dynamic linker characteristics
configure:11050: gcc -o conftest -g -O2   -Wl,-rpath -Wl,/foo conftest.c  >&5
configure:11050: $? = 0
configure:11284: result: GNU/Linux ld.so
configure:11391: checking how to hardcode library paths into programs
configure:11416: result: immediate
configure:11956: checking whether stripping libraries is possible
configure:11961: result: yes
configure:11996: checking if libtool supports shared libraries
configure:11998: result: yes
configure:12001: checking whether to build shared libraries
configure:12022: result: yes
configure:12025: checking whether to build static libraries
configure:12029: result: yes
configure:12066: checking whether byte ordering is bigendian
configure:12081: gcc -c -g -O2  conftest.c >&5
conftest.c:24:9: error: unknown type name 'not'
conftest.c:24:15: error: expected '=', ',', ';', 'asm' or '__attribute__' before 'universal'
conftest.c:24:15: error: unknown type name 'universal'
configure:12081: $? = 1
configure: failed program was:
| /* confdefs.h */
| #define PACKAGE_NAME "libmicrohttpd"
| #define PACKAGE_TARNAME "libmicrohttpd"
| #define PACKAGE_VERSION "0.9.33"
| #define PACKAGE_STRING "libmicrohttpd 0.9.33"
| #define PACKAGE_BUGREPORT "libmicrohttpd@gnu.org"
| #define PACKAGE_URL ""
| #define PACKAGE "libmicrohttpd"
| #define VERSION "0.9.33"
| #define STDC_HEADERS 1
| #define HAVE_SYS_TYPES_H 1
| #define HAVE_SYS_STAT_H 1
| #define HAVE_STDLIB_H 1
| #define HAVE_STRING_H 1
| #define HAVE_MEMORY_H 1
| #define HAVE_STRINGS_H 1
| #define HAVE_INTTYPES_H 1
| #define HAVE_STDINT_H 1
| #define HAVE_UNISTD_H 1
| #define HAVE_DLFCN_H 1
| #define LT_OBJDIR ".libs/"
| /* end confdefs.h.  */
| #ifndef __APPLE_CC__
| 	       not a universal capable compiler
| 	     #endif
| 	     typedef int dummy;
| 
configure:12126: gcc -c -g -O2  conftest.c >&5
configure:12126: $? = 0
configure:12144: gcc -c -g -O2  conftest.c >&5
conftest.c: In function 'main':
conftest.c:30:4: error: unknown type name 'not'
conftest.c:30:12: error: expected '=', ',', ';', 'asm' or '__attribute__' before 'endian'
configure:12144: $? = 1
configure: failed program was:
| /* confdefs.h */
| #define PACKAGE_NAME "libmicrohttpd"
| #define PACKAGE_TARNAME "libmicrohttpd"
| #define PACKAGE_VERSION "0.9.33"
| #define PACKAGE_STRING "libmicrohttpd 0.9.33"
| #define PACKAGE_BUGREPORT "libmicrohttpd@gnu.org"
| #define PACKAGE_URL ""
| #define PACKAGE "libmicrohttpd"
| #define VERSION "0.9.33"
| #define STDC_HEADERS 1
| #define HAVE_SYS_TYPES_H 1
| #define HAVE_SYS_STAT_H 1
| #define HAVE_STDLIB_H 1
| #define HAVE_STRING_H 1
| #define HAVE_MEMORY_H 1
| #define HAVE_STRINGS_H 1
| #define HAVE_INTTYPES_H 1
| #define HAVE_STDINT_H 1
| #define HAVE_UNISTD_H 1
| #define HAVE_DLFCN_H 1
| #define LT_OBJDIR ".libs/"
| /* end confdefs.h.  */
| #include <sys/types.h>
| 		#include <sys/param.h>
| 
| int
| main ()
| {
| #if BYTE_ORDER != BIG_ENDIAN
| 		 not big endian
| 		#endif
| 
|   ;
|   return 0;
| }
configure:12272: result: no
configure:12291: checking for struct sockaddr_in.sin_len
configure:12291: gcc -c -g -O2  conftest.c >&5
conftest.c: In function 'main':
conftest.c:33:12: error: 'struct sockaddr_in' has no member named 'sin_len'
configure:12291: $? = 1
configure: failed program was:
| /* confdefs.h */
| #define PACKAGE_NAME "libmicrohttpd"
| #define PACKAGE_TARNAME "libmicrohttpd"
| #define PACKAGE_VERSION "0.9.33"
| #define PACKAGE_STRING "libmicrohttpd 0.9.33"
| #define PACKAGE_BUGREPORT "libmicrohttpd@gnu.org"
| #define PACKAGE_URL ""
| #define PACKAGE "libmicrohttpd"
| #define VERSION "0.9.33"
| #define STDC_HEADERS 1
| #define HAVE_SYS_TYPES_H 1
| #define HAVE_SYS_STAT_H 1
| #define HAVE_STDLIB_H 1
| #define HAVE_STRING_H 1
| #define HAVE_MEMORY_H 1
| #define HAVE_STRINGS_H 1
| #define HAVE_INTTYPES_H 1
| #define HAVE_STDINT_H 1
| #define HAVE_UNISTD_H 1
| #define HAVE_DLFCN_H 1
| #define LT_OBJDIR ".libs/"
| /* end confdefs.h.  */
| 
|       #include <sys/types.h>
|       #include <sys/socket.h>
|       #include <netinet/in.h>
| 
| 
| int
| main ()
| {
| static struct sockaddr_in ac_aggr;
| if (ac_aggr.sin_len)
| return 0;
|   ;
|   return 0;
| }
configure:12291: gcc -c -g -O2  conftest.c >&5
conftest.c: In function 'main':
conftest.c:33:19: error: 'struct sockaddr_in' has no member named 'sin_len'
configure:12291: $? = 1
configure: failed program was:
| /* confdefs.h */
| #define PACKAGE_NAME "libmicrohttpd"
| #define PACKAGE_TARNAME "libmicrohttpd"
| #define PACKAGE_VERSION "0.9.33"
| #define PACKAGE_STRING "libmicrohttpd 0.9.33"
| #define PACKAGE_BUGREPORT "libmicrohttpd@gnu.org"
| #define PACKAGE_URL ""
| #define PACKAGE "libmicrohttpd"
| #define VERSION "0.9.33"
| #define STDC_HEADERS 1
| #define HAVE_SYS_TYPES_H 1
| #define HAVE_SYS_STAT_H 1
| #define HAVE_STDLIB_H 1
| #define HAVE_STRING_H 1
| #define HAVE_MEMORY_H 1
| #define HAVE_STRINGS_H 1
| #define HAVE_INTTYPES_H 1
| #define HAVE_STDINT_H 1
| #define HAVE_UNISTD_H 1
| #define HAVE_DLFCN_H 1
| #define LT_OBJDIR ".libs/"
| /* end confdefs.h.  */
| 
|       #include <sys/types.h>
|       #include <sys/socket.h>
|       #include <netinet/in.h>
| 
| 
| int
| main ()
| {
| static struct sockaddr_in ac_aggr;
| if (sizeof ac_aggr.sin_len)
| return 0;
|   ;
|   return 0;
| }
configure:12291: result: no
configure:12307: checking for curl
configure:12335: result: false
configure:12353: checking for makeinfo
configure:12381: result: false
configure:12615: checking whether to support epoll
configure:12624: result: yes
configure:12860: checking sys/epoll.h usability
configure:12860: gcc -c -fno-strict-aliasing -g -O2  conftest.c >&5
configure:12860: $? = 0
configure:12860: result: yes
configure:12860: checking sys/epoll.h presence
configure:12860: gcc -E  conftest.c
configure:12860: $? = 0
configure:12860: result: yes
configure:12860: checking for sys/epoll.h
configure:12860: result: yes
configure:12911: gcc -o conftest -fno-strict-aliasing -g -O2   conftest.c  >&5
/tmp/cc3zDOi7.o: In function `main':
/home/ducs/test/something/http_source/libmicrohttpd-0.9.33/conftest.c:34: undefined reference to `pthread_create'
collect2: error: ld returned 1 exit status
configure:12911: $? = 1
configure: failed program was:
| /* confdefs.h */
| #define PACKAGE_NAME "libmicrohttpd"
| #define PACKAGE_TARNAME "libmicrohttpd"
| #define PACKAGE_VERSION "0.9.33"
| #define PACKAGE_STRING "libmicrohttpd 0.9.33"
| #define PACKAGE_BUGREPORT "libmicrohttpd@gnu.org"
| #define PACKAGE_URL ""
| #define PACKAGE "libmicrohttpd"
| #define VERSION "0.9.33"
| #define STDC_HEADERS 1
| #define HAVE_SYS_TYPES_H 1
| #define HAVE_SYS_STAT_H 1
| #define HAVE_STDLIB_H 1
| #define HAVE_STRING_H 1
| #define HAVE_MEMORY_H 1
| #define HAVE_STRINGS_H 1
| #define HAVE_INTTYPES_H 1
| #define HAVE_STDINT_H 1
| #define HAVE_UNISTD_H 1
| #define HAVE_DLFCN_H 1
| #define LT_OBJDIR ".libs/"
| #define LINUX 1
| #define HAVE_LISTEN_SHUTDOWN 1
| #define HAVE_SYS_EPOLL_H 1
| #define EPOLL_SUPPORT 1
| /* end confdefs.h.  */
| 
|         #include <pthread.h>
| 
| int
| main ()
| {
| 
|         pthread_create(0,0,0,0);
| 
|   ;
|   return 0;
| }
configure:12923: checking for pthread_create in -lpthread
configure:12948: gcc -o conftest -fno-strict-aliasing -g -O2   conftest.c -lpthread   >&5
configure:12948: $? = 0
configure:12957: result: yes
configure:13089: checking fcntl.h usability
configure:13089: gcc -c -fno-strict-aliasing -g -O2  conftest.c >&5
configure:13089: $? = 0
configure:13089: result: yes
configure:13089: checking fcntl.h presence
configure:13089: gcc -E  conftest.c
configure:13089: $? = 0
configure:13089: result: yes
configure:13089: checking for fcntl.h
configure:13089: result: yes
configure:13089: checking math.h usability
configure:13089: gcc -c -fno-strict-aliasing -g -O2  conftest.c >&5
configure:13089: $? = 0
configure:13089: result: yes
configure:13089: checking math.h presence
configure:13089: gcc -E  conftest.c
configure:13089: $? = 0
configure:13089: result: yes
configure:13089: checking for math.h
configure:13089: result: yes
configure:13089: checking errno.h usability
configure:13089: gcc -c -fno-strict-aliasing -g -O2  conftest.c >&5
configure:13089: $? = 0
configure:13089: result: yes
configure:13089: checking errno.h presence
configure:13089: gcc -E  conftest.c
configure:13089: $? = 0
configure:13089: result: yes
configure:13089: checking for errno.h
configure:13089: result: yes
configure:13089: checking limits.h usability
configure:13089: gcc -c -fno-strict-aliasing -g -O2  conftest.c >&5
configure:13089: $? = 0
configure:13089: result: yes
configure:13089: checking limits.h presence
configure:13089: gcc -E  conftest.c
configure:13089: $? = 0
configure:13089: result: yes
configure:13089: checking for limits.h
configure:13089: result: yes
configure:13089: checking stdio.h usability
configure:13089: gcc -c -fno-strict-aliasing -g -O2  conftest.c >&5
configure:13089: $? = 0
configure:13089: result: yes
configure:13089: checking stdio.h presence
configure:13089: gcc -E  conftest.c
configure:13089: $? = 0
configure:13089: result: yes
configure:13089: checking for stdio.h
configure:13089: result: yes
configure:13089: checking locale.h usability
configure:13089: gcc -c -fno-strict-aliasing -g -O2  conftest.c >&5
configure:13089: $? = 0
configure:13089: result: yes
configure:13089: checking locale.h presence
configure:13089: gcc -E  conftest.c
configure:13089: $? = 0
configure:13089: result: yes
configure:13089: checking for locale.h
configure:13089: result: yes
configure:13089: checking for sys/stat.h
configure:13089: result: yes
configure:13089: checking for sys/types.h
configure:13089: result: yes
configure:13089: checking pthread.h usability
configure:13089: gcc -c -fno-strict-aliasing -g -O2  conftest.c >&5
configure:13089: $? = 0
configure:13089: result: yes
configure:13089: checking pthread.h presence
configure:13089: gcc -E  conftest.c
configure:13089: $? = 0
configure:13089: result: yes
configure:13089: checking for pthread.h
configure:13089: result: yes
configure:13106: checking for sys/types.h
configure:13106: result: yes
configure:13106: checking sys/time.h usability
configure:13106: gcc -c -fno-strict-aliasing -g -O2  conftest.c >&5
configure:13106: $? = 0
configure:13106: result: yes
configure:13106: checking sys/time.h presence
configure:13106: gcc -E  conftest.c
configure:13106: $? = 0
configure:13106: result: yes
configure:13106: checking for sys/time.h
configure:13106: result: yes
configure:13106: checking sys/msg.h usability
configure:13106: gcc -c -fno-strict-aliasing -g -O2  conftest.c >&5
configure:13106: $? = 0
configure:13106: result: yes
configure:13106: checking sys/msg.h presence
configure:13106: gcc -E  conftest.c
configure:13106: $? = 0
configure:13106: result: yes
configure:13106: checking for sys/msg.h
configure:13106: result: yes
configure:13106: checking netdb.h usability
configure:13106: gcc -c -fno-strict-aliasing -g -O2  conftest.c >&5
configure:13106: $? = 0
configure:13106: result: yes
configure:13106: checking netdb.h presence
configure:13106: gcc -E  conftest.c
configure:13106: $? = 0
configure:13106: result: yes
configure:13106: checking for netdb.h
configure:13106: result: yes
configure:13106: checking netinet/in.h usability
configure:13106: gcc -c -fno-strict-aliasing -g -O2  conftest.c >&5
configure:13106: $? = 0
configure:13106: result: yes
configure:13106: checking netinet/in.h presence
configure:13106: gcc -E  conftest.c
configure:13106: $? = 0
configure:13106: result: yes
configure:13106: checking for netinet/in.h
configure:13106: result: yes
configure:13106: checking netinet/tcp.h usability
configure:13106: gcc -c -fno-strict-aliasing -g -O2  conftest.c >&5
configure:13106: $? = 0
configure:13106: result: yes
configure:13106: checking netinet/tcp.h presence
configure:13106: gcc -E  conftest.c
configure:13106: $? = 0
configure:13106: result: yes
configure:13106: checking for netinet/tcp.h
configure:13106: result: yes
configure:13106: checking time.h usability
configure:13106: gcc -c -fno-strict-aliasing -g -O2  conftest.c >&5
configure:13106: $? = 0
configure:13106: result: yes
configure:13106: checking time.h presence
configure:13106: gcc -E  conftest.c
configure:13106: $? = 0
configure:13106: result: yes
configure:13106: checking for time.h
configure:13106: result: yes
configure:13106: checking sys/socket.h usability
configure:13106: gcc -c -fno-strict-aliasing -g -O2  conftest.c >&5
configure:13106: $? = 0
configure:13106: result: yes
configure:13106: checking sys/socket.h presence
configure:13106: gcc -E  conftest.c
configure:13106: $? = 0
configure:13106: result: yes
configure:13106: checking for sys/socket.h
configure:13106: result: yes
configure:13106: checking sys/mman.h usability
configure:13106: gcc -c -fno-strict-aliasing -g -O2  conftest.c >&5
configure:13106: $? = 0
configure:13106: result: yes
configure:13106: checking sys/mman.h presence
configure:13106: gcc -E  conftest.c
configure:13106: $? = 0
configure:13106: result: yes
configure:13106: checking for sys/mman.h
configure:13106: result: yes
configure:13106: checking arpa/inet.h usability
configure:13106: gcc -c -fno-strict-aliasing -g -O2  conftest.c >&5
configure:13106: $? = 0
configure:13106: result: yes
configure:13106: checking arpa/inet.h presence
configure:13106: gcc -E  conftest.c
configure:13106: $? = 0
configure:13106: result: yes
configure:13106: checking for arpa/inet.h
configure:13106: result: yes
configure:13106: checking sys/select.h usability
configure:13106: gcc -c -fno-strict-aliasing -g -O2  conftest.c >&5
configure:13106: $? = 0
configure:13106: result: yes
configure:13106: checking sys/select.h presence
configure:13106: gcc -E  conftest.c
configure:13106: $? = 0
configure:13106: result: yes
configure:13106: checking for sys/select.h
configure:13106: result: yes
configure:13106: checking poll.h usability
configure:13106: gcc -c -fno-strict-aliasing -g -O2  conftest.c >&5
configure:13106: $? = 0
configure:13106: result: yes
configure:13106: checking poll.h presence
configure:13106: gcc -E  conftest.c
configure:13106: $? = 0
configure:13106: result: yes
configure:13106: checking for poll.h
configure:13106: result: yes
configure:13106: checking winsock2.h usability
configure:13106: gcc -c -fno-strict-aliasing -g -O2  conftest.c >&5
conftest.c:81:22: fatal error: winsock2.h: No such file or directory
compilation terminated.
configure:13106: $? = 1
configure: failed program was:
| /* confdefs.h */
| #define PACKAGE_NAME "libmicrohttpd"
| #define PACKAGE_TARNAME "libmicrohttpd"
| #define PACKAGE_VERSION "0.9.33"
| #define PACKAGE_STRING "libmicrohttpd 0.9.33"
| #define PACKAGE_BUGREPORT "libmicrohttpd@gnu.org"
| #define PACKAGE_URL ""
| #define PACKAGE "libmicrohttpd"
| #define VERSION "0.9.33"
| #define STDC_HEADERS 1
| #define HAVE_SYS_TYPES_H 1
| #define HAVE_SYS_STAT_H 1
| #define HAVE_STDLIB_H 1
| #define HAVE_STRING_H 1
| #define HAVE_MEMORY_H 1
| #define HAVE_STRINGS_H 1
| #define HAVE_INTTYPES_H 1
| #define HAVE_STDINT_H 1
| #define HAVE_UNISTD_H 1
| #define HAVE_DLFCN_H 1
| #define LT_OBJDIR ".libs/"
| #define LINUX 1
| #define HAVE_LISTEN_SHUTDOWN 1
| #define HAVE_SYS_EPOLL_H 1
| #define EPOLL_SUPPORT 1
| #define HAVE_FCNTL_H 1
| #define HAVE_MATH_H 1
| #define HAVE_ERRNO_H 1
| #define HAVE_LIMITS_H 1
| #define HAVE_STDIO_H 1
| #define HAVE_LOCALE_H 1
| #define HAVE_SYS_STAT_H 1
| #define HAVE_SYS_TYPES_H 1
| #define HAVE_PTHREAD_H 1
| #define HAVE_SYS_TYPES_H 1
| #define HAVE_SYS_TIME_H 1
| #define HAVE_SYS_MSG_H 1
| #define HAVE_NETDB_H 1
| #define HAVE_NETINET_IN_H 1
| #define HAVE_NETINET_TCP_H 1
| #define HAVE_TIME_H 1
| #define HAVE_SYS_SOCKET_H 1
| #define HAVE_SYS_MMAN_H 1
| #define HAVE_ARPA_INET_H 1
| #define HAVE_SYS_SELECT_H 1
| #define HAVE_POLL_H 1
| /* end confdefs.h.  */
| #include <stdio.h>
| #ifdef HAVE_SYS_TYPES_H
| # include <sys/types.h>
| #endif
| #ifdef HAVE_SYS_STAT_H
| # include <sys/stat.h>
| #endif
| #ifdef STDC_HEADERS
| # include <stdlib.h>
| # include <stddef.h>
| #else
| # ifdef HAVE_STDLIB_H
| #  include <stdlib.h>
| # endif
| #endif
| #ifdef HAVE_STRING_H
| # if !defined STDC_HEADERS && defined HAVE_MEMORY_H
| #  include <memory.h>
| # endif
| # include <string.h>
| #endif
| #ifdef HAVE_STRINGS_H
| # include <strings.h>
| #endif
| #ifdef HAVE_INTTYPES_H
| # include <inttypes.h>
| #endif
| #ifdef HAVE_STDINT_H
| # include <stdint.h>
| #endif
| #ifdef HAVE_UNISTD_H
| # include <unistd.h>
| #endif
| #include <winsock2.h>
configure:13106: result: no
configure:13106: checking winsock2.h presence
configure:13106: gcc -E  conftest.c
conftest.c:48:22: fatal error: winsock2.h: No such file or directory
compilation terminated.
configure:13106: $? = 1
configure: failed program was:
| /* confdefs.h */
| #define PACKAGE_NAME "libmicrohttpd"
| #define PACKAGE_TARNAME "libmicrohttpd"
| #define PACKAGE_VERSION "0.9.33"
| #define PACKAGE_STRING "libmicrohttpd 0.9.33"
| #define PACKAGE_BUGREPORT "libmicrohttpd@gnu.org"
| #define PACKAGE_URL ""
| #define PACKAGE "libmicrohttpd"
| #define VERSION "0.9.33"
| #define STDC_HEADERS 1
| #define HAVE_SYS_TYPES_H 1
| #define HAVE_SYS_STAT_H 1
| #define HAVE_STDLIB_H 1
| #define HAVE_STRING_H 1
| #define HAVE_MEMORY_H 1
| #define HAVE_STRINGS_H 1
| #define HAVE_INTTYPES_H 1
| #define HAVE_STDINT_H 1
| #define HAVE_UNISTD_H 1
| #define HAVE_DLFCN_H 1
| #define LT_OBJDIR ".libs/"
| #define LINUX 1
| #define HAVE_LISTEN_SHUTDOWN 1
| #define HAVE_SYS_EPOLL_H 1
| #define EPOLL_SUPPORT 1
| #define HAVE_FCNTL_H 1
| #define HAVE_MATH_H 1
| #define HAVE_ERRNO_H 1
| #define HAVE_LIMITS_H 1
| #define HAVE_STDIO_H 1
| #define HAVE_LOCALE_H 1
| #define HAVE_SYS_STAT_H 1
| #define HAVE_SYS_TYPES_H 1
| #define HAVE_PTHREAD_H 1
| #define HAVE_SYS_TYPES_H 1
| #define HAVE_SYS_TIME_H 1
| #define HAVE_SYS_MSG_H 1
| #define HAVE_NETDB_H 1
| #define HAVE_NETINET_IN_H 1
| #define HAVE_NETINET_TCP_H 1
| #define HAVE_TIME_H 1
| #define HAVE_SYS_SOCKET_H 1
| #define HAVE_SYS_MMAN_H 1
| #define HAVE_ARPA_INET_H 1
| #define HAVE_SYS_SELECT_H 1
| #define HAVE_POLL_H 1
| /* end confdefs.h.  */
| #include <winsock2.h>
configure:13106: result: no
configure:13106: checking for winsock2.h
configure:13106: result: no
configure:13106: checking ws2tcpip.h usability
configure:13106: gcc -c -fno-strict-aliasing -g -O2  conftest.c >&5
conftest.c:81:22: fatal error: ws2tcpip.h: No such file or directory
compilation terminated.
configure:13106: $? = 1
configure: failed program was:
| /* confdefs.h */
| #define PACKAGE_NAME "libmicrohttpd"
| #define PACKAGE_TARNAME "libmicrohttpd"
| #define PACKAGE_VERSION "0.9.33"
| #define PACKAGE_STRING "libmicrohttpd 0.9.33"
| #define PACKAGE_BUGREPORT "libmicrohttpd@gnu.org"
| #define PACKAGE_URL ""
| #define PACKAGE "libmicrohttpd"
| #define VERSION "0.9.33"
| #define STDC_HEADERS 1
| #define HAVE_SYS_TYPES_H 1
| #define HAVE_SYS_STAT_H 1
| #define HAVE_STDLIB_H 1
| #define HAVE_STRING_H 1
| #define HAVE_MEMORY_H 1
| #define HAVE_STRINGS_H 1
| #define HAVE_INTTYPES_H 1
| #define HAVE_STDINT_H 1
| #define HAVE_UNISTD_H 1
| #define HAVE_DLFCN_H 1
| #define LT_OBJDIR ".libs/"
| #define LINUX 1
| #define HAVE_LISTEN_SHUTDOWN 1
| #define HAVE_SYS_EPOLL_H 1
| #define EPOLL_SUPPORT 1
| #define HAVE_FCNTL_H 1
| #define HAVE_MATH_H 1
| #define HAVE_ERRNO_H 1
| #define HAVE_LIMITS_H 1
| #define HAVE_STDIO_H 1
| #define HAVE_LOCALE_H 1
| #define HAVE_SYS_STAT_H 1
| #define HAVE_SYS_TYPES_H 1
| #define HAVE_PTHREAD_H 1
| #define HAVE_SYS_TYPES_H 1
| #define HAVE_SYS_TIME_H 1
| #define HAVE_SYS_MSG_H 1
| #define HAVE_NETDB_H 1
| #define HAVE_NETINET_IN_H 1
| #define HAVE_NETINET_TCP_H 1
| #define HAVE_TIME_H 1
| #define HAVE_SYS_SOCKET_H 1
| #define HAVE_SYS_MMAN_H 1
| #define HAVE_ARPA_INET_H 1
| #define HAVE_SYS_SELECT_H 1
| #define HAVE_POLL_H 1
| /* end confdefs.h.  */
| #include <stdio.h>
| #ifdef HAVE_SYS_TYPES_H
| # include <sys/types.h>
| #endif
| #ifdef HAVE_SYS_STAT_H
| # include <sys/stat.h>
| #endif
| #ifdef STDC_HEADERS
| # include <stdlib.h>
| # include <stddef.h>
| #else
| # ifdef HAVE_STDLIB_H
| #  include <stdlib.h>
| # endif
| #endif
| #ifdef HAVE_STRING_H
| # if !defined STDC_HEADERS && defined HAVE_MEMORY_H
| #  include <memory.h>
| # endif
| # include <string.h>
| #endif
| #ifdef HAVE_STRINGS_H
| # include <strings.h>
| #endif
| #ifdef HAVE_INTTYPES_H
| # include <inttypes.h>
| #endif
| #ifdef HAVE_STDINT_H
| # include <stdint.h>
| #endif
| #ifdef HAVE_UNISTD_H
| # include <unistd.h>
| #endif
| #include <ws2tcpip.h>
configure:13106: result: no
configure:13106: checking ws2tcpip.h presence
configure:13106: gcc -E  conftest.c
conftest.c:48:22: fatal error: ws2tcpip.h: No such file or directory
compilation terminated.
configure:13106: $? = 1
configure: failed program was:
| /* confdefs.h */
| #define PACKAGE_NAME "libmicrohttpd"
| #define PACKAGE_TARNAME "libmicrohttpd"
| #define PACKAGE_VERSION "0.9.33"
| #define PACKAGE_STRING "libmicrohttpd 0.9.33"
| #define PACKAGE_BUGREPORT "libmicrohttpd@gnu.org"
| #define PACKAGE_URL ""
| #define PACKAGE "libmicrohttpd"
| #define VERSION "0.9.33"
| #define STDC_HEADERS 1
| #define HAVE_SYS_TYPES_H 1
| #define HAVE_SYS_STAT_H 1
| #define HAVE_STDLIB_H 1
| #define HAVE_STRING_H 1
| #define HAVE_MEMORY_H 1
| #define HAVE_STRINGS_H 1
| #define HAVE_INTTYPES_H 1
| #define HAVE_STDINT_H 1
| #define HAVE_UNISTD_H 1
| #define HAVE_DLFCN_H 1
| #define LT_OBJDIR ".libs/"
| #define LINUX 1
| #define HAVE_LISTEN_SHUTDOWN 1
| #define HAVE_SYS_EPOLL_H 1
| #define EPOLL_SUPPORT 1
| #define HAVE_FCNTL_H 1
| #define HAVE_MATH_H 1
| #define HAVE_ERRNO_H 1
| #define HAVE_LIMITS_H 1
| #define HAVE_STDIO_H 1
| #define HAVE_LOCALE_H 1
| #define HAVE_SYS_STAT_H 1
| #define HAVE_SYS_TYPES_H 1
| #define HAVE_PTHREAD_H 1
| #define HAVE_SYS_TYPES_H 1
| #define HAVE_SYS_TIME_H 1
| #define HAVE_SYS_MSG_H 1
| #define HAVE_NETDB_H 1
| #define HAVE_NETINET_IN_H 1
| #define HAVE_NETINET_TCP_H 1
| #define HAVE_TIME_H 1
| #define HAVE_SYS_SOCKET_H 1
| #define HAVE_SYS_MMAN_H 1
| #define HAVE_ARPA_INET_H 1
| #define HAVE_SYS_SELECT_H 1
| #define HAVE_POLL_H 1
| /* end confdefs.h.  */
| #include <ws2tcpip.h>
configure:13106: result: no
configure:13106: checking for ws2tcpip.h
configure:13106: result: no
configure:13119: checking search.h usability
configure:13119: gcc -c -fno-strict-aliasing -g -O2  conftest.c >&5
configure:13119: $? = 0
configure:13119: result: yes
configure:13119: checking search.h presence
configure:13119: gcc -E  conftest.c
configure:13119: $? = 0
configure:13119: result: yes
configure:13119: checking for search.h
configure:13119: result: yes
configure:13149: checking plibc.h usability
configure:13149: gcc -c -fno-strict-aliasing -g -O2  conftest.c >&5
conftest.c:82:19: fatal error: plibc.h: No such file or directory
compilation terminated.
configure:13149: $? = 1
configure: failed program was:
| /* confdefs.h */
| #define PACKAGE_NAME "libmicrohttpd"
| #define PACKAGE_TARNAME "libmicrohttpd"
| #define PACKAGE_VERSION "0.9.33"
| #define PACKAGE_STRING "libmicrohttpd 0.9.33"
| #define PACKAGE_BUGREPORT "libmicrohttpd@gnu.org"
| #define PACKAGE_URL ""
| #define PACKAGE "libmicrohttpd"
| #define VERSION "0.9.33"
| #define STDC_HEADERS 1
| #define HAVE_SYS_TYPES_H 1
| #define HAVE_SYS_STAT_H 1
| #define HAVE_STDLIB_H 1
| #define HAVE_STRING_H 1
| #define HAVE_MEMORY_H 1
| #define HAVE_STRINGS_H 1
| #define HAVE_INTTYPES_H 1
| #define HAVE_STDINT_H 1
| #define HAVE_UNISTD_H 1
| #define HAVE_DLFCN_H 1
| #define LT_OBJDIR ".libs/"
| #define LINUX 1
| #define HAVE_LISTEN_SHUTDOWN 1
| #define HAVE_SYS_EPOLL_H 1
| #define EPOLL_SUPPORT 1
| #define HAVE_FCNTL_H 1
| #define HAVE_MATH_H 1
| #define HAVE_ERRNO_H 1
| #define HAVE_LIMITS_H 1
| #define HAVE_STDIO_H 1
| #define HAVE_LOCALE_H 1
| #define HAVE_SYS_STAT_H 1
| #define HAVE_SYS_TYPES_H 1
| #define HAVE_PTHREAD_H 1
| #define HAVE_SYS_TYPES_H 1
| #define HAVE_SYS_TIME_H 1
| #define HAVE_SYS_MSG_H 1
| #define HAVE_NETDB_H 1
| #define HAVE_NETINET_IN_H 1
| #define HAVE_NETINET_TCP_H 1
| #define HAVE_TIME_H 1
| #define HAVE_SYS_SOCKET_H 1
| #define HAVE_SYS_MMAN_H 1
| #define HAVE_ARPA_INET_H 1
| #define HAVE_SYS_SELECT_H 1
| #define HAVE_POLL_H 1
| #define HAVE_SEARCH_H 1
| /* end confdefs.h.  */
| #include <stdio.h>
| #ifdef HAVE_SYS_TYPES_H
| # include <sys/types.h>
| #endif
| #ifdef HAVE_SYS_STAT_H
| # include <sys/stat.h>
| #endif
| #ifdef STDC_HEADERS
| # include <stdlib.h>
| # include <stddef.h>
| #else
| # ifdef HAVE_STDLIB_H
| #  include <stdlib.h>
| # endif
| #endif
| #ifdef HAVE_STRING_H
| # if !defined STDC_HEADERS && defined HAVE_MEMORY_H
| #  include <memory.h>
| # endif
| # include <string.h>
| #endif
| #ifdef HAVE_STRINGS_H
| # include <strings.h>
| #endif
| #ifdef HAVE_INTTYPES_H
| # include <inttypes.h>
| #endif
| #ifdef HAVE_STDINT_H
| # include <stdint.h>
| #endif
| #ifdef HAVE_UNISTD_H
| # include <unistd.h>
| #endif
| #include <plibc.h>
configure:13149: result: no
configure:13149: checking plibc.h presence
configure:13149: gcc -E  conftest.c
conftest.c:49:19: fatal error: plibc.h: No such file or directory
compilation terminated.
configure:13149: $? = 1
configure: failed program was:
| /* confdefs.h */
| #define PACKAGE_NAME "libmicrohttpd"
| #define PACKAGE_TARNAME "libmicrohttpd"
| #define PACKAGE_VERSION "0.9.33"
| #define PACKAGE_STRING "libmicrohttpd 0.9.33"
| #define PACKAGE_BUGREPORT "libmicrohttpd@gnu.org"
| #define PACKAGE_URL ""
| #define PACKAGE "libmicrohttpd"
| #define VERSION "0.9.33"
| #define STDC_HEADERS 1
| #define HAVE_SYS_TYPES_H 1
| #define HAVE_SYS_STAT_H 1
| #define HAVE_STDLIB_H 1
| #define HAVE_STRING_H 1
| #define HAVE_MEMORY_H 1
| #define HAVE_STRINGS_H 1
| #define HAVE_INTTYPES_H 1
| #define HAVE_STDINT_H 1
| #define HAVE_UNISTD_H 1
| #define HAVE_DLFCN_H 1
| #define LT_OBJDIR ".libs/"
| #define LINUX 1
| #define HAVE_LISTEN_SHUTDOWN 1
| #define HAVE_SYS_EPOLL_H 1
| #define EPOLL_SUPPORT 1
| #define HAVE_FCNTL_H 1
| #define HAVE_MATH_H 1
| #define HAVE_ERRNO_H 1
| #define HAVE_LIMITS_H 1
| #define HAVE_STDIO_H 1
| #define HAVE_LOCALE_H 1
| #define HAVE_SYS_STAT_H 1
| #define HAVE_SYS_TYPES_H 1
| #define HAVE_PTHREAD_H 1
| #define HAVE_SYS_TYPES_H 1
| #define HAVE_SYS_TIME_H 1
| #define HAVE_SYS_MSG_H 1
| #define HAVE_NETDB_H 1
| #define HAVE_NETINET_IN_H 1
| #define HAVE_NETINET_TCP_H 1
| #define HAVE_TIME_H 1
| #define HAVE_SYS_SOCKET_H 1
| #define HAVE_SYS_MMAN_H 1
| #define HAVE_ARPA_INET_H 1
| #define HAVE_SYS_SELECT_H 1
| #define HAVE_POLL_H 1
| #define HAVE_SEARCH_H 1
| /* end confdefs.h.  */
| #include <plibc.h>
configure:13149: result: no
configure:13149: checking for plibc.h
configure:13149: result: no
configure:13176: checking for memmem
configure:13176: gcc -o conftest -fno-strict-aliasing -g -O2   conftest.c -lpthread  >&5
configure:13176: $? = 0
configure:13176: result: yes
configure:13176: checking for accept4
configure:13176: gcc -o conftest -fno-strict-aliasing -g -O2   conftest.c -lpthread  >&5
configure:13176: $? = 0
configure:13176: result: yes
configure:13216: gcc -c -fno-strict-aliasing -g -O2  conftest.c >&5
configure:13216: $? = 0
configure:13226: checking for library containing clock_gettime
configure:13257: gcc -o conftest -fno-strict-aliasing -g -O2   conftest.c -lpthread  >&5
/tmp/cceKEruA.o: In function `main':
/home/ducs/test/something/http_source/libmicrohttpd-0.9.33/conftest.c:63: undefined reference to `clock_gettime'
collect2: error: ld returned 1 exit status
configure:13257: $? = 1
configure: failed program was:
| /* confdefs.h */
| #define PACKAGE_NAME "libmicrohttpd"
| #define PACKAGE_TARNAME "libmicrohttpd"
| #define PACKAGE_VERSION "0.9.33"
| #define PACKAGE_STRING "libmicrohttpd 0.9.33"
| #define PACKAGE_BUGREPORT "libmicrohttpd@gnu.org"
| #define PACKAGE_URL ""
| #define PACKAGE "libmicrohttpd"
| #define VERSION "0.9.33"
| #define STDC_HEADERS 1
| #define HAVE_SYS_TYPES_H 1
| #define HAVE_SYS_STAT_H 1
| #define HAVE_STDLIB_H 1
| #define HAVE_STRING_H 1
| #define HAVE_MEMORY_H 1
| #define HAVE_STRINGS_H 1
| #define HAVE_INTTYPES_H 1
| #define HAVE_STDINT_H 1
| #define HAVE_UNISTD_H 1
| #define HAVE_DLFCN_H 1
| #define LT_OBJDIR ".libs/"
| #define LINUX 1
| #define HAVE_LISTEN_SHUTDOWN 1
| #define HAVE_SYS_EPOLL_H 1
| #define EPOLL_SUPPORT 1
| #define HAVE_FCNTL_H 1
| #define HAVE_MATH_H 1
| #define HAVE_ERRNO_H 1
| #define HAVE_LIMITS_H 1
| #define HAVE_STDIO_H 1
| #define HAVE_LOCALE_H 1
| #define HAVE_SYS_STAT_H 1
| #define HAVE_SYS_TYPES_H 1
| #define HAVE_PTHREAD_H 1
| #define HAVE_SYS_TYPES_H 1
| #define HAVE_SYS_TIME_H 1
| #define HAVE_SYS_MSG_H 1
| #define HAVE_NETDB_H 1
| #define HAVE_NETINET_IN_H 1
| #define HAVE_NETINET_TCP_H 1
| #define HAVE_TIME_H 1
| #define HAVE_SYS_SOCKET_H 1
| #define HAVE_SYS_MMAN_H 1
| #define HAVE_ARPA_INET_H 1
| #define HAVE_SYS_SELECT_H 1
| #define HAVE_POLL_H 1
| #define HAVE_SEARCH_H 1
| #define HAVE_MEMMEM 1
| #define HAVE_ACCEPT4 1
| #define HAVE_SOCK_NONBLOCK 1
| /* end confdefs.h.  */
| 
| /* Override any GCC internal prototype to avoid an error.
|    Use char because int might match the return type of a GCC
|    builtin and then its argument prototype would still apply.  */
| #ifdef __cplusplus
| extern "C"
| #endif
| char clock_gettime ();
| int
| main ()
| {
| return clock_gettime ();
|   ;
|   return 0;
| }
configure:13257: gcc -o conftest -fno-strict-aliasing -g -O2   conftest.c -lrt  -lpthread  >&5
configure:13257: $? = 0
configure:13274: result: -lrt
configure:13288: checking for IPv6
configure:13320: gcc -c -fno-strict-aliasing -g -O2  conftest.c >&5
configure:13320: $? = 0
configure:13332: result: yes
configure:13336: checking whether TCP_CORK is declared
configure:13336: gcc -c -fno-strict-aliasing -g -O2  conftest.c >&5
configure:13336: $? = 0
configure:13336: result: yes
configure:13350: checking whether TCP_NOPUSH is declared
configure:13350: gcc -c -fno-strict-aliasing -g -O2  conftest.c >&5
conftest.c: In function 'main':
conftest.c:64:10: error: 'TCP_NOPUSH' undeclared (first use in this function)
conftest.c:64:10: note: each undeclared identifier is reported only once for each function it appears in
configure:13350: $? = 1
configure: failed program was:
| /* confdefs.h */
| #define PACKAGE_NAME "libmicrohttpd"
| #define PACKAGE_TARNAME "libmicrohttpd"
| #define PACKAGE_VERSION "0.9.33"
| #define PACKAGE_STRING "libmicrohttpd 0.9.33"
| #define PACKAGE_BUGREPORT "libmicrohttpd@gnu.org"
| #define PACKAGE_URL ""
| #define PACKAGE "libmicrohttpd"
| #define VERSION "0.9.33"
| #define STDC_HEADERS 1
| #define HAVE_SYS_TYPES_H 1
| #define HAVE_SYS_STAT_H 1
| #define HAVE_STDLIB_H 1
| #define HAVE_STRING_H 1
| #define HAVE_MEMORY_H 1
| #define HAVE_STRINGS_H 1
| #define HAVE_INTTYPES_H 1
| #define HAVE_STDINT_H 1
| #define HAVE_UNISTD_H 1
| #define HAVE_DLFCN_H 1
| #define LT_OBJDIR ".libs/"
| #define LINUX 1
| #define HAVE_LISTEN_SHUTDOWN 1
| #define HAVE_SYS_EPOLL_H 1
| #define EPOLL_SUPPORT 1
| #define HAVE_FCNTL_H 1
| #define HAVE_MATH_H 1
| #define HAVE_ERRNO_H 1
| #define HAVE_LIMITS_H 1
| #define HAVE_STDIO_H 1
| #define HAVE_LOCALE_H 1
| #define HAVE_SYS_STAT_H 1
| #define HAVE_SYS_TYPES_H 1
| #define HAVE_PTHREAD_H 1
| #define HAVE_SYS_TYPES_H 1
| #define HAVE_SYS_TIME_H 1
| #define HAVE_SYS_MSG_H 1
| #define HAVE_NETDB_H 1
| #define HAVE_NETINET_IN_H 1
| #define HAVE_NETINET_TCP_H 1
| #define HAVE_TIME_H 1
| #define HAVE_SYS_SOCKET_H 1
| #define HAVE_SYS_MMAN_H 1
| #define HAVE_ARPA_INET_H 1
| #define HAVE_SYS_SELECT_H 1
| #define HAVE_POLL_H 1
| #define HAVE_SEARCH_H 1
| #define HAVE_MEMMEM 1
| #define HAVE_ACCEPT4 1
| #define HAVE_SOCK_NONBLOCK 1
| #define HAVE_CLOCK_GETTIME 1
| #define HAVE_INET6 1
| #define HAVE_DECL_TCP_CORK 1
| /* end confdefs.h.  */
| #include <netinet/tcp.h>
| 
| int
| main ()
| {
| #ifndef TCP_NOPUSH
| #ifdef __cplusplus
|   (void) TCP_NOPUSH;
| #else
|   (void) TCP_NOPUSH;
| #endif
| #endif
| 
|   ;
|   return 0;
| }
configure:13350: result: no
configure:13366: checking whether to use libcurl for testing
configure:13375: result: yes
configure:13419: checking for gawk
configure:13446: result: mawk
configure:13508: checking for curl-config
configure:13541: result: no
configure:13617: checking whether libcurl is usable
configure:13650: gcc -o conftest -fno-strict-aliasing -g -O2    conftest.c  -lcurl -lrt -lpthread  >&5
conftest.c:56:23: fatal error: curl/curl.h: No such file or directory
compilation terminated.
configure:13650: $? = 1
configure: failed program was:
| /* confdefs.h */
| #define PACKAGE_NAME "libmicrohttpd"
| #define PACKAGE_TARNAME "libmicrohttpd"
| #define PACKAGE_VERSION "0.9.33"
| #define PACKAGE_STRING "libmicrohttpd 0.9.33"
| #define PACKAGE_BUGREPORT "libmicrohttpd@gnu.org"
| #define PACKAGE_URL ""
| #define PACKAGE "libmicrohttpd"
| #define VERSION "0.9.33"
| #define STDC_HEADERS 1
| #define HAVE_SYS_TYPES_H 1
| #define HAVE_SYS_STAT_H 1
| #define HAVE_STDLIB_H 1
| #define HAVE_STRING_H 1
| #define HAVE_MEMORY_H 1
| #define HAVE_STRINGS_H 1
| #define HAVE_INTTYPES_H 1
| #define HAVE_STDINT_H 1
| #define HAVE_UNISTD_H 1
| #define HAVE_DLFCN_H 1
| #define LT_OBJDIR ".libs/"
| #define LINUX 1
| #define HAVE_LISTEN_SHUTDOWN 1
| #define HAVE_SYS_EPOLL_H 1
| #define EPOLL_SUPPORT 1
| #define HAVE_FCNTL_H 1
| #define HAVE_MATH_H 1
| #define HAVE_ERRNO_H 1
| #define HAVE_LIMITS_H 1
| #define HAVE_STDIO_H 1
| #define HAVE_LOCALE_H 1
| #define HAVE_SYS_STAT_H 1
| #define HAVE_SYS_TYPES_H 1
| #define HAVE_PTHREAD_H 1
| #define HAVE_SYS_TYPES_H 1
| #define HAVE_SYS_TIME_H 1
| #define HAVE_SYS_MSG_H 1
| #define HAVE_NETDB_H 1
| #define HAVE_NETINET_IN_H 1
| #define HAVE_NETINET_TCP_H 1
| #define HAVE_TIME_H 1
| #define HAVE_SYS_SOCKET_H 1
| #define HAVE_SYS_MMAN_H 1
| #define HAVE_ARPA_INET_H 1
| #define HAVE_SYS_SELECT_H 1
| #define HAVE_POLL_H 1
| #define HAVE_SEARCH_H 1
| #define HAVE_MEMMEM 1
| #define HAVE_ACCEPT4 1
| #define HAVE_SOCK_NONBLOCK 1
| #define HAVE_CLOCK_GETTIME 1
| #define HAVE_INET6 1
| #define HAVE_DECL_TCP_CORK 1
| #define HAVE_DECL_TCP_NOPUSH 0
| /* end confdefs.h.  */
| #include <curl/curl.h>
| int
| main ()
| {
| 
| /* Try and use a few common options to force a failure if we are
|    missing symbols or can't link. */
| int x;
| curl_easy_setopt(NULL,CURLOPT_URL,NULL);
| x=CURL_ERROR_SIZE;
| x=CURLOPT_WRITEFUNCTION;
| x=CURLOPT_FILE;
| x=CURLOPT_ERRORBUFFER;
| x=CURLOPT_STDERR;
| x=CURLOPT_VERBOSE;
| 
|   ;
|   return 0;
| }
configure:13664: result: no
configure:13765: checking curl/curl.h usability
configure:13765: gcc -c -fno-strict-aliasing -g -O2  conftest.c >&5
conftest.c:89:23: fatal error: curl/curl.h: No such file or directory
compilation terminated.
configure:13765: $? = 1
configure: failed program was:
| /* confdefs.h */
| #define PACKAGE_NAME "libmicrohttpd"
| #define PACKAGE_TARNAME "libmicrohttpd"
| #define PACKAGE_VERSION "0.9.33"
| #define PACKAGE_STRING "libmicrohttpd 0.9.33"
| #define PACKAGE_BUGREPORT "libmicrohttpd@gnu.org"
| #define PACKAGE_URL ""
| #define PACKAGE "libmicrohttpd"
| #define VERSION "0.9.33"
| #define STDC_HEADERS 1
| #define HAVE_SYS_TYPES_H 1
| #define HAVE_SYS_STAT_H 1
| #define HAVE_STDLIB_H 1
| #define HAVE_STRING_H 1
| #define HAVE_MEMORY_H 1
| #define HAVE_STRINGS_H 1
| #define HAVE_INTTYPES_H 1
| #define HAVE_STDINT_H 1
| #define HAVE_UNISTD_H 1
| #define HAVE_DLFCN_H 1
| #define LT_OBJDIR ".libs/"
| #define LINUX 1
| #define HAVE_LISTEN_SHUTDOWN 1
| #define HAVE_SYS_EPOLL_H 1
| #define EPOLL_SUPPORT 1
| #define HAVE_FCNTL_H 1
| #define HAVE_MATH_H 1
| #define HAVE_ERRNO_H 1
| #define HAVE_LIMITS_H 1
| #define HAVE_STDIO_H 1
| #define HAVE_LOCALE_H 1
| #define HAVE_SYS_STAT_H 1
| #define HAVE_SYS_TYPES_H 1
| #define HAVE_PTHREAD_H 1
| #define HAVE_SYS_TYPES_H 1
| #define HAVE_SYS_TIME_H 1
| #define HAVE_SYS_MSG_H 1
| #define HAVE_NETDB_H 1
| #define HAVE_NETINET_IN_H 1
| #define HAVE_NETINET_TCP_H 1
| #define HAVE_TIME_H 1
| #define HAVE_SYS_SOCKET_H 1
| #define HAVE_SYS_MMAN_H 1
| #define HAVE_ARPA_INET_H 1
| #define HAVE_SYS_SELECT_H 1
| #define HAVE_POLL_H 1
| #define HAVE_SEARCH_H 1
| #define HAVE_MEMMEM 1
| #define HAVE_ACCEPT4 1
| #define HAVE_SOCK_NONBLOCK 1
| #define HAVE_CLOCK_GETTIME 1
| #define HAVE_INET6 1
| #define HAVE_DECL_TCP_CORK 1
| #define HAVE_DECL_TCP_NOPUSH 0
| /* end confdefs.h.  */
| #include <stdio.h>
| #ifdef HAVE_SYS_TYPES_H
| # include <sys/types.h>
| #endif
| #ifdef HAVE_SYS_STAT_H
| # include <sys/stat.h>
| #endif
| #ifdef STDC_HEADERS
| # include <stdlib.h>
| # include <stddef.h>
| #else
| # ifdef HAVE_STDLIB_H
| #  include <stdlib.h>
| # endif
| #endif
| #ifdef HAVE_STRING_H
| # if !defined STDC_HEADERS && defined HAVE_MEMORY_H
| #  include <memory.h>
| # endif
| # include <string.h>
| #endif
| #ifdef HAVE_STRINGS_H
| # include <strings.h>
| #endif
| #ifdef HAVE_INTTYPES_H
| # include <inttypes.h>
| #endif
| #ifdef HAVE_STDINT_H
| # include <stdint.h>
| #endif
| #ifdef HAVE_UNISTD_H
| # include <unistd.h>
| #endif
| #include <curl/curl.h>
configure:13765: result: no
configure:13765: checking curl/curl.h presence
configure:13765: gcc -E  conftest.c
conftest.c:56:23: fatal error: curl/curl.h: No such file or directory
compilation terminated.
configure:13765: $? = 1
configure: failed program was:
| /* confdefs.h */
| #define PACKAGE_NAME "libmicrohttpd"
| #define PACKAGE_TARNAME "libmicrohttpd"
| #define PACKAGE_VERSION "0.9.33"
| #define PACKAGE_STRING "libmicrohttpd 0.9.33"
| #define PACKAGE_BUGREPORT "libmicrohttpd@gnu.org"
| #define PACKAGE_URL ""
| #define PACKAGE "libmicrohttpd"
| #define VERSION "0.9.33"
| #define STDC_HEADERS 1
| #define HAVE_SYS_TYPES_H 1
| #define HAVE_SYS_STAT_H 1
| #define HAVE_STDLIB_H 1
| #define HAVE_STRING_H 1
| #define HAVE_MEMORY_H 1
| #define HAVE_STRINGS_H 1
| #define HAVE_INTTYPES_H 1
| #define HAVE_STDINT_H 1
| #define HAVE_UNISTD_H 1
| #define HAVE_DLFCN_H 1
| #define LT_OBJDIR ".libs/"
| #define LINUX 1
| #define HAVE_LISTEN_SHUTDOWN 1
| #define HAVE_SYS_EPOLL_H 1
| #define EPOLL_SUPPORT 1
| #define HAVE_FCNTL_H 1
| #define HAVE_MATH_H 1
| #define HAVE_ERRNO_H 1
| #define HAVE_LIMITS_H 1
| #define HAVE_STDIO_H 1
| #define HAVE_LOCALE_H 1
| #define HAVE_SYS_STAT_H 1
| #define HAVE_SYS_TYPES_H 1
| #define HAVE_PTHREAD_H 1
| #define HAVE_SYS_TYPES_H 1
| #define HAVE_SYS_TIME_H 1
| #define HAVE_SYS_MSG_H 1
| #define HAVE_NETDB_H 1
| #define HAVE_NETINET_IN_H 1
| #define HAVE_NETINET_TCP_H 1
| #define HAVE_TIME_H 1
| #define HAVE_SYS_SOCKET_H 1
| #define HAVE_SYS_MMAN_H 1
| #define HAVE_ARPA_INET_H 1
| #define HAVE_SYS_SELECT_H 1
| #define HAVE_POLL_H 1
| #define HAVE_SEARCH_H 1
| #define HAVE_MEMMEM 1
| #define HAVE_ACCEPT4 1
| #define HAVE_SOCK_NONBLOCK 1
| #define HAVE_CLOCK_GETTIME 1
| #define HAVE_INET6 1
| #define HAVE_DECL_TCP_CORK 1
| #define HAVE_DECL_TCP_NOPUSH 0
| /* end confdefs.h.  */
| #include <curl/curl.h>
configure:13765: result: no
configure:13765: checking for curl/curl.h
configure:13765: result: no
configure:13805: checking for magic_open -lmagic
configure:13807: checking for magic_open in -lmagic
configure:13832: gcc -o conftest -fno-strict-aliasing -g -O2   conftest.c -lmagic  -lrt -lpthread  >&5
/usr/bin/ld: cannot find -lmagic
collect2: error: ld returned 1 exit status
configure:13832: $? = 1
configure: failed program was:
| /* confdefs.h */
| #define PACKAGE_NAME "libmicrohttpd"
| #define PACKAGE_TARNAME "libmicrohttpd"
| #define PACKAGE_VERSION "0.9.33"
| #define PACKAGE_STRING "libmicrohttpd 0.9.33"
| #define PACKAGE_BUGREPORT "libmicrohttpd@gnu.org"
| #define PACKAGE_URL ""
| #define PACKAGE "libmicrohttpd"
| #define VERSION "0.9.33"
| #define STDC_HEADERS 1
| #define HAVE_SYS_TYPES_H 1
| #define HAVE_SYS_STAT_H 1
| #define HAVE_STDLIB_H 1
| #define HAVE_STRING_H 1
| #define HAVE_MEMORY_H 1
| #define HAVE_STRINGS_H 1
| #define HAVE_INTTYPES_H 1
| #define HAVE_STDINT_H 1
| #define HAVE_UNISTD_H 1
| #define HAVE_DLFCN_H 1
| #define LT_OBJDIR ".libs/"
| #define LINUX 1
| #define HAVE_LISTEN_SHUTDOWN 1
| #define HAVE_SYS_EPOLL_H 1
| #define EPOLL_SUPPORT 1
| #define HAVE_FCNTL_H 1
| #define HAVE_MATH_H 1
| #define HAVE_ERRNO_H 1
| #define HAVE_LIMITS_H 1
| #define HAVE_STDIO_H 1
| #define HAVE_LOCALE_H 1
| #define HAVE_SYS_STAT_H 1
| #define HAVE_SYS_TYPES_H 1
| #define HAVE_PTHREAD_H 1
| #define HAVE_SYS_TYPES_H 1
| #define HAVE_SYS_TIME_H 1
| #define HAVE_SYS_MSG_H 1
| #define HAVE_NETDB_H 1
| #define HAVE_NETINET_IN_H 1
| #define HAVE_NETINET_TCP_H 1
| #define HAVE_TIME_H 1
| #define HAVE_SYS_SOCKET_H 1
| #define HAVE_SYS_MMAN_H 1
| #define HAVE_ARPA_INET_H 1
| #define HAVE_SYS_SELECT_H 1
| #define HAVE_POLL_H 1
| #define HAVE_SEARCH_H 1
| #define HAVE_MEMMEM 1
| #define HAVE_ACCEPT4 1
| #define HAVE_SOCK_NONBLOCK 1
| #define HAVE_CLOCK_GETTIME 1
| #define HAVE_INET6 1
| #define HAVE_DECL_TCP_CORK 1
| #define HAVE_DECL_TCP_NOPUSH 0
| /* end confdefs.h.  */
| 
| /* Override any GCC internal prototype to avoid an error.
|    Use char because int might match the return type of a GCC
|    builtin and then its argument prototype would still apply.  */
| #ifdef __cplusplus
| extern "C"
| #endif
| char magic_open ();
| int
| main ()
| {
| return magic_open ();
|   ;
|   return 0;
| }
configure:13841: result: no
configure:13886: checking whether to support libmicrospdy
configure:13895: result: yes
configure:13902: checking openssl/err.h usability
configure:13902: gcc -c -fno-strict-aliasing -g -O2  conftest.c >&5
conftest.c:89:25: fatal error: openssl/err.h: No such file or directory
compilation terminated.
configure:13902: $? = 1
configure: failed program was:
| /* confdefs.h */
| #define PACKAGE_NAME "libmicrohttpd"
| #define PACKAGE_TARNAME "libmicrohttpd"
| #define PACKAGE_VERSION "0.9.33"
| #define PACKAGE_STRING "libmicrohttpd 0.9.33"
| #define PACKAGE_BUGREPORT "libmicrohttpd@gnu.org"
| #define PACKAGE_URL ""
| #define PACKAGE "libmicrohttpd"
| #define VERSION "0.9.33"
| #define STDC_HEADERS 1
| #define HAVE_SYS_TYPES_H 1
| #define HAVE_SYS_STAT_H 1
| #define HAVE_STDLIB_H 1
| #define HAVE_STRING_H 1
| #define HAVE_MEMORY_H 1
| #define HAVE_STRINGS_H 1
| #define HAVE_INTTYPES_H 1
| #define HAVE_STDINT_H 1
| #define HAVE_UNISTD_H 1
| #define HAVE_DLFCN_H 1
| #define LT_OBJDIR ".libs/"
| #define LINUX 1
| #define HAVE_LISTEN_SHUTDOWN 1
| #define HAVE_SYS_EPOLL_H 1
| #define EPOLL_SUPPORT 1
| #define HAVE_FCNTL_H 1
| #define HAVE_MATH_H 1
| #define HAVE_ERRNO_H 1
| #define HAVE_LIMITS_H 1
| #define HAVE_STDIO_H 1
| #define HAVE_LOCALE_H 1
| #define HAVE_SYS_STAT_H 1
| #define HAVE_SYS_TYPES_H 1
| #define HAVE_PTHREAD_H 1
| #define HAVE_SYS_TYPES_H 1
| #define HAVE_SYS_TIME_H 1
| #define HAVE_SYS_MSG_H 1
| #define HAVE_NETDB_H 1
| #define HAVE_NETINET_IN_H 1
| #define HAVE_NETINET_TCP_H 1
| #define HAVE_TIME_H 1
| #define HAVE_SYS_SOCKET_H 1
| #define HAVE_SYS_MMAN_H 1
| #define HAVE_ARPA_INET_H 1
| #define HAVE_SYS_SELECT_H 1
| #define HAVE_POLL_H 1
| #define HAVE_SEARCH_H 1
| #define HAVE_MEMMEM 1
| #define HAVE_ACCEPT4 1
| #define HAVE_SOCK_NONBLOCK 1
| #define HAVE_CLOCK_GETTIME 1
| #define HAVE_INET6 1
| #define HAVE_DECL_TCP_CORK 1
| #define HAVE_DECL_TCP_NOPUSH 0
| /* end confdefs.h.  */
| #include <stdio.h>
| #ifdef HAVE_SYS_TYPES_H
| # include <sys/types.h>
| #endif
| #ifdef HAVE_SYS_STAT_H
| # include <sys/stat.h>
| #endif
| #ifdef STDC_HEADERS
| # include <stdlib.h>
| # include <stddef.h>
| #else
| # ifdef HAVE_STDLIB_H
| #  include <stdlib.h>
| # endif
| #endif
| #ifdef HAVE_STRING_H
| # if !defined STDC_HEADERS && defined HAVE_MEMORY_H
| #  include <memory.h>
| # endif
| # include <string.h>
| #endif
| #ifdef HAVE_STRINGS_H
| # include <strings.h>
| #endif
| #ifdef HAVE_INTTYPES_H
| # include <inttypes.h>
| #endif
| #ifdef HAVE_STDINT_H
| # include <stdint.h>
| #endif
| #ifdef HAVE_UNISTD_H
| # include <unistd.h>
| #endif
| #include <openssl/err.h>
configure:13902: result: no
configure:13902: checking openssl/err.h presence
configure:13902: gcc -E  conftest.c
conftest.c:56:25: fatal error: openssl/err.h: No such file or directory
compilation terminated.
configure:13902: $? = 1
configure: failed program was:
| /* confdefs.h */
| #define PACKAGE_NAME "libmicrohttpd"
| #define PACKAGE_TARNAME "libmicrohttpd"
| #define PACKAGE_VERSION "0.9.33"
| #define PACKAGE_STRING "libmicrohttpd 0.9.33"
| #define PACKAGE_BUGREPORT "libmicrohttpd@gnu.org"
| #define PACKAGE_URL ""
| #define PACKAGE "libmicrohttpd"
| #define VERSION "0.9.33"
| #define STDC_HEADERS 1
| #define HAVE_SYS_TYPES_H 1
| #define HAVE_SYS_STAT_H 1
| #define HAVE_STDLIB_H 1
| #define HAVE_STRING_H 1
| #define HAVE_MEMORY_H 1
| #define HAVE_STRINGS_H 1
| #define HAVE_INTTYPES_H 1
| #define HAVE_STDINT_H 1
| #define HAVE_UNISTD_H 1
| #define HAVE_DLFCN_H 1
| #define LT_OBJDIR ".libs/"
| #define LINUX 1
| #define HAVE_LISTEN_SHUTDOWN 1
| #define HAVE_SYS_EPOLL_H 1
| #define EPOLL_SUPPORT 1
| #define HAVE_FCNTL_H 1
| #define HAVE_MATH_H 1
| #define HAVE_ERRNO_H 1
| #define HAVE_LIMITS_H 1
| #define HAVE_STDIO_H 1
| #define HAVE_LOCALE_H 1
| #define HAVE_SYS_STAT_H 1
| #define HAVE_SYS_TYPES_H 1
| #define HAVE_PTHREAD_H 1
| #define HAVE_SYS_TYPES_H 1
| #define HAVE_SYS_TIME_H 1
| #define HAVE_SYS_MSG_H 1
| #define HAVE_NETDB_H 1
| #define HAVE_NETINET_IN_H 1
| #define HAVE_NETINET_TCP_H 1
| #define HAVE_TIME_H 1
| #define HAVE_SYS_SOCKET_H 1
| #define HAVE_SYS_MMAN_H 1
| #define HAVE_ARPA_INET_H 1
| #define HAVE_SYS_SELECT_H 1
| #define HAVE_POLL_H 1
| #define HAVE_SEARCH_H 1
| #define HAVE_MEMMEM 1
| #define HAVE_ACCEPT4 1
| #define HAVE_SOCK_NONBLOCK 1
| #define HAVE_CLOCK_GETTIME 1
| #define HAVE_INET6 1
| #define HAVE_DECL_TCP_CORK 1
| #define HAVE_DECL_TCP_NOPUSH 0
| /* end confdefs.h.  */
| #include <openssl/err.h>
configure:13902: result: no
configure:13902: checking for openssl/err.h
configure:13902: result: no
configure:14008: checking whether we have OpenSSL and thus can support libmicrospdy
configure:14010: result: no
configure:14045: checking openssl/evp.h usability
configure:14045: gcc -c -fno-strict-aliasing -g -O2  conftest.c >&5
conftest.c:90:25: fatal error: openssl/evp.h: No such file or directory
compilation terminated.
configure:14045: $? = 1
configure: failed program was:
| /* confdefs.h */
| #define PACKAGE_NAME "libmicrohttpd"
| #define PACKAGE_TARNAME "libmicrohttpd"
| #define PACKAGE_VERSION "0.9.33"
| #define PACKAGE_STRING "libmicrohttpd 0.9.33"
| #define PACKAGE_BUGREPORT "libmicrohttpd@gnu.org"
| #define PACKAGE_URL ""
| #define PACKAGE "libmicrohttpd"
| #define VERSION "0.9.33"
| #define STDC_HEADERS 1
| #define HAVE_SYS_TYPES_H 1
| #define HAVE_SYS_STAT_H 1
| #define HAVE_STDLIB_H 1
| #define HAVE_STRING_H 1
| #define HAVE_MEMORY_H 1
| #define HAVE_STRINGS_H 1
| #define HAVE_INTTYPES_H 1
| #define HAVE_STDINT_H 1
| #define HAVE_UNISTD_H 1
| #define HAVE_DLFCN_H 1
| #define LT_OBJDIR ".libs/"
| #define LINUX 1
| #define HAVE_LISTEN_SHUTDOWN 1
| #define HAVE_SYS_EPOLL_H 1
| #define EPOLL_SUPPORT 1
| #define HAVE_FCNTL_H 1
| #define HAVE_MATH_H 1
| #define HAVE_ERRNO_H 1
| #define HAVE_LIMITS_H 1
| #define HAVE_STDIO_H 1
| #define HAVE_LOCALE_H 1
| #define HAVE_SYS_STAT_H 1
| #define HAVE_SYS_TYPES_H 1
| #define HAVE_PTHREAD_H 1
| #define HAVE_SYS_TYPES_H 1
| #define HAVE_SYS_TIME_H 1
| #define HAVE_SYS_MSG_H 1
| #define HAVE_NETDB_H 1
| #define HAVE_NETINET_IN_H 1
| #define HAVE_NETINET_TCP_H 1
| #define HAVE_TIME_H 1
| #define HAVE_SYS_SOCKET_H 1
| #define HAVE_SYS_MMAN_H 1
| #define HAVE_ARPA_INET_H 1
| #define HAVE_SYS_SELECT_H 1
| #define HAVE_POLL_H 1
| #define HAVE_SEARCH_H 1
| #define HAVE_MEMMEM 1
| #define HAVE_ACCEPT4 1
| #define HAVE_SOCK_NONBLOCK 1
| #define HAVE_CLOCK_GETTIME 1
| #define HAVE_INET6 1
| #define HAVE_DECL_TCP_CORK 1
| #define HAVE_DECL_TCP_NOPUSH 0
| #define SPDY_SUPPORT 0
| /* end confdefs.h.  */
| #include <stdio.h>
| #ifdef HAVE_SYS_TYPES_H
| # include <sys/types.h>
| #endif
| #ifdef HAVE_SYS_STAT_H
| # include <sys/stat.h>
| #endif
| #ifdef STDC_HEADERS
| # include <stdlib.h>
| # include <stddef.h>
| #else
| # ifdef HAVE_STDLIB_H
| #  include <stdlib.h>
| # endif
| #endif
| #ifdef HAVE_STRING_H
| # if !defined STDC_HEADERS && defined HAVE_MEMORY_H
| #  include <memory.h>
| # endif
| # include <string.h>
| #endif
| #ifdef HAVE_STRINGS_H
| # include <strings.h>
| #endif
| #ifdef HAVE_INTTYPES_H
| # include <inttypes.h>
| #endif
| #ifdef HAVE_STDINT_H
| # include <stdint.h>
| #endif
| #ifdef HAVE_UNISTD_H
| # include <unistd.h>
| #endif
| #include <openssl/evp.h>
configure:14045: result: no
configure:14045: checking openssl/evp.h presence
configure:14045: gcc -E  conftest.c
conftest.c:57:25: fatal error: openssl/evp.h: No such file or directory
compilation terminated.
configure:14045: $? = 1
configure: failed program was:
| /* confdefs.h */
| #define PACKAGE_NAME "libmicrohttpd"
| #define PACKAGE_TARNAME "libmicrohttpd"
| #define PACKAGE_VERSION "0.9.33"
| #define PACKAGE_STRING "libmicrohttpd 0.9.33"
| #define PACKAGE_BUGREPORT "libmicrohttpd@gnu.org"
| #define PACKAGE_URL ""
| #define PACKAGE "libmicrohttpd"
| #define VERSION "0.9.33"
| #define STDC_HEADERS 1
| #define HAVE_SYS_TYPES_H 1
| #define HAVE_SYS_STAT_H 1
| #define HAVE_STDLIB_H 1
| #define HAVE_STRING_H 1
| #define HAVE_MEMORY_H 1
| #define HAVE_STRINGS_H 1
| #define HAVE_INTTYPES_H 1
| #define HAVE_STDINT_H 1
| #define HAVE_UNISTD_H 1
| #define HAVE_DLFCN_H 1
| #define LT_OBJDIR ".libs/"
| #define LINUX 1
| #define HAVE_LISTEN_SHUTDOWN 1
| #define HAVE_SYS_EPOLL_H 1
| #define EPOLL_SUPPORT 1
| #define HAVE_FCNTL_H 1
| #define HAVE_MATH_H 1
| #define HAVE_ERRNO_H 1
| #define HAVE_LIMITS_H 1
| #define HAVE_STDIO_H 1
| #define HAVE_LOCALE_H 1
| #define HAVE_SYS_STAT_H 1
| #define HAVE_SYS_TYPES_H 1
| #define HAVE_PTHREAD_H 1
| #define HAVE_SYS_TYPES_H 1
| #define HAVE_SYS_TIME_H 1
| #define HAVE_SYS_MSG_H 1
| #define HAVE_NETDB_H 1
| #define HAVE_NETINET_IN_H 1
| #define HAVE_NETINET_TCP_H 1
| #define HAVE_TIME_H 1
| #define HAVE_SYS_SOCKET_H 1
| #define HAVE_SYS_MMAN_H 1
| #define HAVE_ARPA_INET_H 1
| #define HAVE_SYS_SELECT_H 1
| #define HAVE_POLL_H 1
| #define HAVE_SEARCH_H 1
| #define HAVE_MEMMEM 1
| #define HAVE_ACCEPT4 1
| #define HAVE_SOCK_NONBLOCK 1
| #define HAVE_CLOCK_GETTIME 1
| #define HAVE_INET6 1
| #define HAVE_DECL_TCP_CORK 1
| #define HAVE_DECL_TCP_NOPUSH 0
| #define SPDY_SUPPORT 0
| /* end confdefs.h.  */
| #include <openssl/evp.h>
configure:14045: result: no
configure:14045: checking for openssl/evp.h
configure:14045: result: no
configure:14052: WARNING: OpenSSL header files not found.
configure:14109: checking for SHA1_Init in -lcrypto
configure:14134: gcc -o conftest -fno-strict-aliasing -g -O2   conftest.c -lcrypto  -lrt -lpthread  >&5
/usr/bin/ld: cannot find -lcrypto
collect2: error: ld returned 1 exit status
configure:14134: $? = 1
configure: failed program was:
| /* confdefs.h */
| #define PACKAGE_NAME "libmicrohttpd"
| #define PACKAGE_TARNAME "libmicrohttpd"
| #define PACKAGE_VERSION "0.9.33"
| #define PACKAGE_STRING "libmicrohttpd 0.9.33"
| #define PACKAGE_BUGREPORT "libmicrohttpd@gnu.org"
| #define PACKAGE_URL ""
| #define PACKAGE "libmicrohttpd"
| #define VERSION "0.9.33"
| #define STDC_HEADERS 1
| #define HAVE_SYS_TYPES_H 1
| #define HAVE_SYS_STAT_H 1
| #define HAVE_STDLIB_H 1
| #define HAVE_STRING_H 1
| #define HAVE_MEMORY_H 1
| #define HAVE_STRINGS_H 1
| #define HAVE_INTTYPES_H 1
| #define HAVE_STDINT_H 1
| #define HAVE_UNISTD_H 1
| #define HAVE_DLFCN_H 1
| #define LT_OBJDIR ".libs/"
| #define LINUX 1
| #define HAVE_LISTEN_SHUTDOWN 1
| #define HAVE_SYS_EPOLL_H 1
| #define EPOLL_SUPPORT 1
| #define HAVE_FCNTL_H 1
| #define HAVE_MATH_H 1
| #define HAVE_ERRNO_H 1
| #define HAVE_LIMITS_H 1
| #define HAVE_STDIO_H 1
| #define HAVE_LOCALE_H 1
| #define HAVE_SYS_STAT_H 1
| #define HAVE_SYS_TYPES_H 1
| #define HAVE_PTHREAD_H 1
| #define HAVE_SYS_TYPES_H 1
| #define HAVE_SYS_TIME_H 1
| #define HAVE_SYS_MSG_H 1
| #define HAVE_NETDB_H 1
| #define HAVE_NETINET_IN_H 1
| #define HAVE_NETINET_TCP_H 1
| #define HAVE_TIME_H 1
| #define HAVE_SYS_SOCKET_H 1
| #define HAVE_SYS_MMAN_H 1
| #define HAVE_ARPA_INET_H 1
| #define HAVE_SYS_SELECT_H 1
| #define HAVE_POLL_H 1
| #define HAVE_SEARCH_H 1
| #define HAVE_MEMMEM 1
| #define HAVE_ACCEPT4 1
| #define HAVE_SOCK_NONBLOCK 1
| #define HAVE_CLOCK_GETTIME 1
| #define HAVE_INET6 1
| #define HAVE_DECL_TCP_CORK 1
| #define HAVE_DECL_TCP_NOPUSH 0
| #define SPDY_SUPPORT 0
| /* end confdefs.h.  */
| 
| /* Override any GCC internal prototype to avoid an error.
|    Use char because int might match the return type of a GCC
|    builtin and then its argument prototype would still apply.  */
| #ifdef __cplusplus
| extern "C"
| #endif
| char SHA1_Init ();
| int
| main ()
| {
| return SHA1_Init ();
|   ;
|   return 0;
| }
configure:14143: result: no
configure:14148: WARNING: OpenSSL libraries not found.
configure:14154: checking for dlopen
configure:14154: gcc -o conftest -fno-strict-aliasing -g -O2   conftest.c -lrt -lpthread  >&5
/tmp/ccNsAeBq.o: In function `main':
/home/ducs/test/something/http_source/libmicrohttpd-0.9.33/conftest.c:91: undefined reference to `dlopen'
collect2: error: ld returned 1 exit status
configure:14154: $? = 1
configure: failed program was:
| /* confdefs.h */
| #define PACKAGE_NAME "libmicrohttpd"
| #define PACKAGE_TARNAME "libmicrohttpd"
| #define PACKAGE_VERSION "0.9.33"
| #define PACKAGE_STRING "libmicrohttpd 0.9.33"
| #define PACKAGE_BUGREPORT "libmicrohttpd@gnu.org"
| #define PACKAGE_URL ""
| #define PACKAGE "libmicrohttpd"
| #define VERSION "0.9.33"
| #define STDC_HEADERS 1
| #define HAVE_SYS_TYPES_H 1
| #define HAVE_SYS_STAT_H 1
| #define HAVE_STDLIB_H 1
| #define HAVE_STRING_H 1
| #define HAVE_MEMORY_H 1
| #define HAVE_STRINGS_H 1
| #define HAVE_INTTYPES_H 1
| #define HAVE_STDINT_H 1
| #define HAVE_UNISTD_H 1
| #define HAVE_DLFCN_H 1
| #define LT_OBJDIR ".libs/"
| #define LINUX 1
| #define HAVE_LISTEN_SHUTDOWN 1
| #define HAVE_SYS_EPOLL_H 1
| #define EPOLL_SUPPORT 1
| #define HAVE_FCNTL_H 1
| #define HAVE_MATH_H 1
| #define HAVE_ERRNO_H 1
| #define HAVE_LIMITS_H 1
| #define HAVE_STDIO_H 1
| #define HAVE_LOCALE_H 1
| #define HAVE_SYS_STAT_H 1
| #define HAVE_SYS_TYPES_H 1
| #define HAVE_PTHREAD_H 1
| #define HAVE_SYS_TYPES_H 1
| #define HAVE_SYS_TIME_H 1
| #define HAVE_SYS_MSG_H 1
| #define HAVE_NETDB_H 1
| #define HAVE_NETINET_IN_H 1
| #define HAVE_NETINET_TCP_H 1
| #define HAVE_TIME_H 1
| #define HAVE_SYS_SOCKET_H 1
| #define HAVE_SYS_MMAN_H 1
| #define HAVE_ARPA_INET_H 1
| #define HAVE_SYS_SELECT_H 1
| #define HAVE_POLL_H 1
| #define HAVE_SEARCH_H 1
| #define HAVE_MEMMEM 1
| #define HAVE_ACCEPT4 1
| #define HAVE_SOCK_NONBLOCK 1
| #define HAVE_CLOCK_GETTIME 1
| #define HAVE_INET6 1
| #define HAVE_DECL_TCP_CORK 1
| #define HAVE_DECL_TCP_NOPUSH 0
| #define SPDY_SUPPORT 0
| /* end confdefs.h.  */
| /* Define dlopen to an innocuous variant, in case <limits.h> declares dlopen.
|    For example, HP-UX 11i <limits.h> declares gettimeofday.  */
| #define dlopen innocuous_dlopen
| 
| /* System header to define __stub macros and hopefully few prototypes,
|     which can conflict with char dlopen (); below.
|     Prefer <limits.h> to <assert.h> if __STDC__ is defined, since
|     <limits.h> exists even on freestanding compilers.  */
| 
| #ifdef __STDC__
| # include <limits.h>
| #else
| # include <assert.h>
| #endif
| 
| #undef dlopen
| 
| /* Override any GCC internal prototype to avoid an error.
|    Use char because int might match the return type of a GCC
|    builtin and then its argument prototype would still apply.  */
| #ifdef __cplusplus
| extern "C"
| #endif
| char dlopen ();
| /* The GNU C library defines this for functions which it implements
|     to always fail with ENOSYS.  Some functions are actually named
|     something starting with __ and the normal name is an alias.  */
| #if defined __stub_dlopen || defined __stub___dlopen
| choke me
| #endif
| 
| int
| main ()
| {
| return dlopen ();
|   ;
|   return 0;
| }
configure:14154: result: no
configure:14158: checking for dlopen in -ldl
configure:14183: gcc -o conftest -fno-strict-aliasing -g -O2   conftest.c -ldl  -lrt -lpthread  >&5
configure:14183: $? = 0
configure:14192: result: yes
configure:14206: checking for SSL_library_init
configure:14206: gcc -o conftest -fno-strict-aliasing -g -O2   conftest.c -lrt -lpthread  -ldl >&5
/tmp/cczmYNJy.o: In function `main':
/home/ducs/test/something/http_source/libmicrohttpd-0.9.33/conftest.c:91: undefined reference to `SSL_library_init'
collect2: error: ld returned 1 exit status
configure:14206: $? = 1
configure: failed program was:
| /* confdefs.h */
| #define PACKAGE_NAME "libmicrohttpd"
| #define PACKAGE_TARNAME "libmicrohttpd"
| #define PACKAGE_VERSION "0.9.33"
| #define PACKAGE_STRING "libmicrohttpd 0.9.33"
| #define PACKAGE_BUGREPORT "libmicrohttpd@gnu.org"
| #define PACKAGE_URL ""
| #define PACKAGE "libmicrohttpd"
| #define VERSION "0.9.33"
| #define STDC_HEADERS 1
| #define HAVE_SYS_TYPES_H 1
| #define HAVE_SYS_STAT_H 1
| #define HAVE_STDLIB_H 1
| #define HAVE_STRING_H 1
| #define HAVE_MEMORY_H 1
| #define HAVE_STRINGS_H 1
| #define HAVE_INTTYPES_H 1
| #define HAVE_STDINT_H 1
| #define HAVE_UNISTD_H 1
| #define HAVE_DLFCN_H 1
| #define LT_OBJDIR ".libs/"
| #define LINUX 1
| #define HAVE_LISTEN_SHUTDOWN 1
| #define HAVE_SYS_EPOLL_H 1
| #define EPOLL_SUPPORT 1
| #define HAVE_FCNTL_H 1
| #define HAVE_MATH_H 1
| #define HAVE_ERRNO_H 1
| #define HAVE_LIMITS_H 1
| #define HAVE_STDIO_H 1
| #define HAVE_LOCALE_H 1
| #define HAVE_SYS_STAT_H 1
| #define HAVE_SYS_TYPES_H 1
| #define HAVE_PTHREAD_H 1
| #define HAVE_SYS_TYPES_H 1
| #define HAVE_SYS_TIME_H 1
| #define HAVE_SYS_MSG_H 1
| #define HAVE_NETDB_H 1
| #define HAVE_NETINET_IN_H 1
| #define HAVE_NETINET_TCP_H 1
| #define HAVE_TIME_H 1
| #define HAVE_SYS_SOCKET_H 1
| #define HAVE_SYS_MMAN_H 1
| #define HAVE_ARPA_INET_H 1
| #define HAVE_SYS_SELECT_H 1
| #define HAVE_POLL_H 1
| #define HAVE_SEARCH_H 1
| #define HAVE_MEMMEM 1
| #define HAVE_ACCEPT4 1
| #define HAVE_SOCK_NONBLOCK 1
| #define HAVE_CLOCK_GETTIME 1
| #define HAVE_INET6 1
| #define HAVE_DECL_TCP_CORK 1
| #define HAVE_DECL_TCP_NOPUSH 0
| #define SPDY_SUPPORT 0
| /* end confdefs.h.  */
| /* Define SSL_library_init to an innocuous variant, in case <limits.h> declares SSL_library_init.
|    For example, HP-UX 11i <limits.h> declares gettimeofday.  */
| #define SSL_library_init innocuous_SSL_library_init
| 
| /* System header to define __stub macros and hopefully few prototypes,
|     which can conflict with char SSL_library_init (); below.
|     Prefer <limits.h> to <assert.h> if __STDC__ is defined, since
|     <limits.h> exists even on freestanding compilers.  */
| 
| #ifdef __STDC__
| # include <limits.h>
| #else
| # include <assert.h>
| #endif
| 
| #undef SSL_library_init
| 
| /* Override any GCC internal prototype to avoid an error.
|    Use char because int might match the return type of a GCC
|    builtin and then its argument prototype would still apply.  */
| #ifdef __cplusplus
| extern "C"
| #endif
| char SSL_library_init ();
| /* The GNU C library defines this for functions which it implements
|     to always fail with ENOSYS.  Some functions are actually named
|     something starting with __ and the normal name is an alias.  */
| #if defined __stub_SSL_library_init || defined __stub___SSL_library_init
| choke me
| #endif
| 
| int
| main ()
| {
| return SSL_library_init ();
|   ;
|   return 0;
| }
configure:14206: result: no
configure:14210: checking for SSL_library_init in -lssl
configure:14235: gcc -o conftest -fno-strict-aliasing -g -O2   conftest.c -lssl  -lrt -lpthread  -ldl >&5
/usr/bin/ld: cannot find -lssl
collect2: error: ld returned 1 exit status
configure:14235: $? = 1
configure: failed program was:
| /* confdefs.h */
| #define PACKAGE_NAME "libmicrohttpd"
| #define PACKAGE_TARNAME "libmicrohttpd"
| #define PACKAGE_VERSION "0.9.33"
| #define PACKAGE_STRING "libmicrohttpd 0.9.33"
| #define PACKAGE_BUGREPORT "libmicrohttpd@gnu.org"
| #define PACKAGE_URL ""
| #define PACKAGE "libmicrohttpd"
| #define VERSION "0.9.33"
| #define STDC_HEADERS 1
| #define HAVE_SYS_TYPES_H 1
| #define HAVE_SYS_STAT_H 1
| #define HAVE_STDLIB_H 1
| #define HAVE_STRING_H 1
| #define HAVE_MEMORY_H 1
| #define HAVE_STRINGS_H 1
| #define HAVE_INTTYPES_H 1
| #define HAVE_STDINT_H 1
| #define HAVE_UNISTD_H 1
| #define HAVE_DLFCN_H 1
| #define LT_OBJDIR ".libs/"
| #define LINUX 1
| #define HAVE_LISTEN_SHUTDOWN 1
| #define HAVE_SYS_EPOLL_H 1
| #define EPOLL_SUPPORT 1
| #define HAVE_FCNTL_H 1
| #define HAVE_MATH_H 1
| #define HAVE_ERRNO_H 1
| #define HAVE_LIMITS_H 1
| #define HAVE_STDIO_H 1
| #define HAVE_LOCALE_H 1
| #define HAVE_SYS_STAT_H 1
| #define HAVE_SYS_TYPES_H 1
| #define HAVE_PTHREAD_H 1
| #define HAVE_SYS_TYPES_H 1
| #define HAVE_SYS_TIME_H 1
| #define HAVE_SYS_MSG_H 1
| #define HAVE_NETDB_H 1
| #define HAVE_NETINET_IN_H 1
| #define HAVE_NETINET_TCP_H 1
| #define HAVE_TIME_H 1
| #define HAVE_SYS_SOCKET_H 1
| #define HAVE_SYS_MMAN_H 1
| #define HAVE_ARPA_INET_H 1
| #define HAVE_SYS_SELECT_H 1
| #define HAVE_POLL_H 1
| #define HAVE_SEARCH_H 1
| #define HAVE_MEMMEM 1
| #define HAVE_ACCEPT4 1
| #define HAVE_SOCK_NONBLOCK 1
| #define HAVE_CLOCK_GETTIME 1
| #define HAVE_INET6 1
| #define HAVE_DECL_TCP_CORK 1
| #define HAVE_DECL_TCP_NOPUSH 0
| #define SPDY_SUPPORT 0
| /* end confdefs.h.  */
| 
| /* Override any GCC internal prototype to avoid an error.
|    Use char because int might match the return type of a GCC
|    builtin and then its argument prototype would still apply.  */
| #ifdef __cplusplus
| extern "C"
| #endif
| char SSL_library_init ();
| int
| main ()
| {
| return SSL_library_init ();
|   ;
|   return 0;
| }
configure:14244: result: no
configure:14249: WARNING: OpenSSL?.
configure:14275: checking spdylay/spdylay.h usability
configure:14275: gcc -c -fno-strict-aliasing -g -O2  conftest.c >&5
conftest.c:90:29: fatal error: spdylay/spdylay.h: No such file or directory
compilation terminated.
configure:14275: $? = 1
configure: failed program was:
| /* confdefs.h */
| #define PACKAGE_NAME "libmicrohttpd"
| #define PACKAGE_TARNAME "libmicrohttpd"
| #define PACKAGE_VERSION "0.9.33"
| #define PACKAGE_STRING "libmicrohttpd 0.9.33"
| #define PACKAGE_BUGREPORT "libmicrohttpd@gnu.org"
| #define PACKAGE_URL ""
| #define PACKAGE "libmicrohttpd"
| #define VERSION "0.9.33"
| #define STDC_HEADERS 1
| #define HAVE_SYS_TYPES_H 1
| #define HAVE_SYS_STAT_H 1
| #define HAVE_STDLIB_H 1
| #define HAVE_STRING_H 1
| #define HAVE_MEMORY_H 1
| #define HAVE_STRINGS_H 1
| #define HAVE_INTTYPES_H 1
| #define HAVE_STDINT_H 1
| #define HAVE_UNISTD_H 1
| #define HAVE_DLFCN_H 1
| #define LT_OBJDIR ".libs/"
| #define LINUX 1
| #define HAVE_LISTEN_SHUTDOWN 1
| #define HAVE_SYS_EPOLL_H 1
| #define EPOLL_SUPPORT 1
| #define HAVE_FCNTL_H 1
| #define HAVE_MATH_H 1
| #define HAVE_ERRNO_H 1
| #define HAVE_LIMITS_H 1
| #define HAVE_STDIO_H 1
| #define HAVE_LOCALE_H 1
| #define HAVE_SYS_STAT_H 1
| #define HAVE_SYS_TYPES_H 1
| #define HAVE_PTHREAD_H 1
| #define HAVE_SYS_TYPES_H 1
| #define HAVE_SYS_TIME_H 1
| #define HAVE_SYS_MSG_H 1
| #define HAVE_NETDB_H 1
| #define HAVE_NETINET_IN_H 1
| #define HAVE_NETINET_TCP_H 1
| #define HAVE_TIME_H 1
| #define HAVE_SYS_SOCKET_H 1
| #define HAVE_SYS_MMAN_H 1
| #define HAVE_ARPA_INET_H 1
| #define HAVE_SYS_SELECT_H 1
| #define HAVE_POLL_H 1
| #define HAVE_SEARCH_H 1
| #define HAVE_MEMMEM 1
| #define HAVE_ACCEPT4 1
| #define HAVE_SOCK_NONBLOCK 1
| #define HAVE_CLOCK_GETTIME 1
| #define HAVE_INET6 1
| #define HAVE_DECL_TCP_CORK 1
| #define HAVE_DECL_TCP_NOPUSH 0
| #define SPDY_SUPPORT 0
| /* end confdefs.h.  */
| #include <stdio.h>
| #ifdef HAVE_SYS_TYPES_H
| # include <sys/types.h>
| #endif
| #ifdef HAVE_SYS_STAT_H
| # include <sys/stat.h>
| #endif
| #ifdef STDC_HEADERS
| # include <stdlib.h>
| # include <stddef.h>
| #else
| # ifdef HAVE_STDLIB_H
| #  include <stdlib.h>
| # endif
| #endif
| #ifdef HAVE_STRING_H
| # if !defined STDC_HEADERS && defined HAVE_MEMORY_H
| #  include <memory.h>
| # endif
| # include <string.h>
| #endif
| #ifdef HAVE_STRINGS_H
| # include <strings.h>
| #endif
| #ifdef HAVE_INTTYPES_H
| # include <inttypes.h>
| #endif
| #ifdef HAVE_STDINT_H
| # include <stdint.h>
| #endif
| #ifdef HAVE_UNISTD_H
| # include <unistd.h>
| #endif
| #include <spdylay/spdylay.h>
configure:14275: result: no
configure:14275: checking spdylay/spdylay.h presence
configure:14275: gcc -E  conftest.c
conftest.c:57:29: fatal error: spdylay/spdylay.h: No such file or directory
compilation terminated.
configure:14275: $? = 1
configure: failed program was:
| /* confdefs.h */
| #define PACKAGE_NAME "libmicrohttpd"
| #define PACKAGE_TARNAME "libmicrohttpd"
| #define PACKAGE_VERSION "0.9.33"
| #define PACKAGE_STRING "libmicrohttpd 0.9.33"
| #define PACKAGE_BUGREPORT "libmicrohttpd@gnu.org"
| #define PACKAGE_URL ""
| #define PACKAGE "libmicrohttpd"
| #define VERSION "0.9.33"
| #define STDC_HEADERS 1
| #define HAVE_SYS_TYPES_H 1
| #define HAVE_SYS_STAT_H 1
| #define HAVE_STDLIB_H 1
| #define HAVE_STRING_H 1
| #define HAVE_MEMORY_H 1
| #define HAVE_STRINGS_H 1
| #define HAVE_INTTYPES_H 1
| #define HAVE_STDINT_H 1
| #define HAVE_UNISTD_H 1
| #define HAVE_DLFCN_H 1
| #define LT_OBJDIR ".libs/"
| #define LINUX 1
| #define HAVE_LISTEN_SHUTDOWN 1
| #define HAVE_SYS_EPOLL_H 1
| #define EPOLL_SUPPORT 1
| #define HAVE_FCNTL_H 1
| #define HAVE_MATH_H 1
| #define HAVE_ERRNO_H 1
| #define HAVE_LIMITS_H 1
| #define HAVE_STDIO_H 1
| #define HAVE_LOCALE_H 1
| #define HAVE_SYS_STAT_H 1
| #define HAVE_SYS_TYPES_H 1
| #define HAVE_PTHREAD_H 1
| #define HAVE_SYS_TYPES_H 1
| #define HAVE_SYS_TIME_H 1
| #define HAVE_SYS_MSG_H 1
| #define HAVE_NETDB_H 1
| #define HAVE_NETINET_IN_H 1
| #define HAVE_NETINET_TCP_H 1
| #define HAVE_TIME_H 1
| #define HAVE_SYS_SOCKET_H 1
| #define HAVE_SYS_MMAN_H 1
| #define HAVE_ARPA_INET_H 1
| #define HAVE_SYS_SELECT_H 1
| #define HAVE_POLL_H 1
| #define HAVE_SEARCH_H 1
| #define HAVE_MEMMEM 1
| #define HAVE_ACCEPT4 1
| #define HAVE_SOCK_NONBLOCK 1
| #define HAVE_CLOCK_GETTIME 1
| #define HAVE_INET6 1
| #define HAVE_DECL_TCP_CORK 1
| #define HAVE_DECL_TCP_NOPUSH 0
| #define SPDY_SUPPORT 0
| /* end confdefs.h.  */
| #include <spdylay/spdylay.h>
configure:14275: result: no
configure:14275: checking for spdylay/spdylay.h
configure:14275: result: no
configure:14361: checking for special C compiler options needed for large files
configure:14406: result: no
configure:14412: checking for _FILE_OFFSET_BITS value needed for large files
configure:14437: gcc -c -fno-strict-aliasing -g -O2  conftest.c >&5
configure:14437: $? = 0
configure:14469: result: no
configure:14554: checking for _LARGEFILE_SOURCE value needed for large files
configure:14573: gcc -o conftest -fno-strict-aliasing -g -O2   conftest.c -lrt -lpthread  >&5
configure:14573: $? = 0
configure:14601: result: no
configure:14624: checking whether to generate error messages
configure:14633: result: yes
configure:14648: checking whether to enable postprocessor
configure:14657: result: 
configure:14672: checking for zzuf
configure:14700: result: 0
configure:14710: checking for socat
configure:14738: result: 0
configure:14781: checking for libgcrypt-config
configure:14812: result: no
configure:14829: checking for LIBGCRYPT - version >= 1.2.2
configure:14866: result: no
configure:14912: checking for gnutls
configure:15034: result: --with-gnutls not specified
configure:15038: checking gnutls/gnutls.h usability
configure:15038: gcc -c -fno-strict-aliasing -g -O2  conftest.c >&5
conftest.c:93:27: fatal error: gnutls/gnutls.h: No such file or directory
compilation terminated.
configure:15038: $? = 1
configure: failed program was:
| /* confdefs.h */
| #define PACKAGE_NAME "libmicrohttpd"
| #define PACKAGE_TARNAME "libmicrohttpd"
| #define PACKAGE_VERSION "0.9.33"
| #define PACKAGE_STRING "libmicrohttpd 0.9.33"
| #define PACKAGE_BUGREPORT "libmicrohttpd@gnu.org"
| #define PACKAGE_URL ""
| #define PACKAGE "libmicrohttpd"
| #define VERSION "0.9.33"
| #define STDC_HEADERS 1
| #define HAVE_SYS_TYPES_H 1
| #define HAVE_SYS_STAT_H 1
| #define HAVE_STDLIB_H 1
| #define HAVE_STRING_H 1
| #define HAVE_MEMORY_H 1
| #define HAVE_STRINGS_H 1
| #define HAVE_INTTYPES_H 1
| #define HAVE_STDINT_H 1
| #define HAVE_UNISTD_H 1
| #define HAVE_DLFCN_H 1
| #define LT_OBJDIR ".libs/"
| #define LINUX 1
| #define HAVE_LISTEN_SHUTDOWN 1
| #define HAVE_SYS_EPOLL_H 1
| #define EPOLL_SUPPORT 1
| #define HAVE_FCNTL_H 1
| #define HAVE_MATH_H 1
| #define HAVE_ERRNO_H 1
| #define HAVE_LIMITS_H 1
| #define HAVE_STDIO_H 1
| #define HAVE_LOCALE_H 1
| #define HAVE_SYS_STAT_H 1
| #define HAVE_SYS_TYPES_H 1
| #define HAVE_PTHREAD_H 1
| #define HAVE_SYS_TYPES_H 1
| #define HAVE_SYS_TIME_H 1
| #define HAVE_SYS_MSG_H 1
| #define HAVE_NETDB_H 1
| #define HAVE_NETINET_IN_H 1
| #define HAVE_NETINET_TCP_H 1
| #define HAVE_TIME_H 1
| #define HAVE_SYS_SOCKET_H 1
| #define HAVE_SYS_MMAN_H 1
| #define HAVE_ARPA_INET_H 1
| #define HAVE_SYS_SELECT_H 1
| #define HAVE_POLL_H 1
| #define HAVE_SEARCH_H 1
| #define HAVE_MEMMEM 1
| #define HAVE_ACCEPT4 1
| #define HAVE_SOCK_NONBLOCK 1
| #define HAVE_CLOCK_GETTIME 1
| #define HAVE_INET6 1
| #define HAVE_DECL_TCP_CORK 1
| #define HAVE_DECL_TCP_NOPUSH 0
| #define SPDY_SUPPORT 0
| #define HAVE_FSEEKO 1
| #define HAVE_MESSAGES 1
| #define MHD_GCRYPT_VERSION "1:1.2.2"
| /* end confdefs.h.  */
| #include <stdio.h>
| #ifdef HAVE_SYS_TYPES_H
| # include <sys/types.h>
| #endif
| #ifdef HAVE_SYS_STAT_H
| # include <sys/stat.h>
| #endif
| #ifdef STDC_HEADERS
| # include <stdlib.h>
| # include <stddef.h>
| #else
| # ifdef HAVE_STDLIB_H
| #  include <stdlib.h>
| # endif
| #endif
| #ifdef HAVE_STRING_H
| # if !defined STDC_HEADERS && defined HAVE_MEMORY_H
| #  include <memory.h>
| # endif
| # include <string.h>
| #endif
| #ifdef HAVE_STRINGS_H
| # include <strings.h>
| #endif
| #ifdef HAVE_INTTYPES_H
| # include <inttypes.h>
| #endif
| #ifdef HAVE_STDINT_H
| # include <stdint.h>
| #endif
| #ifdef HAVE_UNISTD_H
| # include <unistd.h>
| #endif
| #include <gnutls/gnutls.h>
configure:15038: result: no
configure:15038: checking gnutls/gnutls.h presence
configure:15038: gcc -E  conftest.c
conftest.c:60:27: fatal error: gnutls/gnutls.h: No such file or directory
compilation terminated.
configure:15038: $? = 1
configure: failed program was:
| /* confdefs.h */
| #define PACKAGE_NAME "libmicrohttpd"
| #define PACKAGE_TARNAME "libmicrohttpd"
| #define PACKAGE_VERSION "0.9.33"
| #define PACKAGE_STRING "libmicrohttpd 0.9.33"
| #define PACKAGE_BUGREPORT "libmicrohttpd@gnu.org"
| #define PACKAGE_URL ""
| #define PACKAGE "libmicrohttpd"
| #define VERSION "0.9.33"
| #define STDC_HEADERS 1
| #define HAVE_SYS_TYPES_H 1
| #define HAVE_SYS_STAT_H 1
| #define HAVE_STDLIB_H 1
| #define HAVE_STRING_H 1
| #define HAVE_MEMORY_H 1
| #define HAVE_STRINGS_H 1
| #define HAVE_INTTYPES_H 1
| #define HAVE_STDINT_H 1
| #define HAVE_UNISTD_H 1
| #define HAVE_DLFCN_H 1
| #define LT_OBJDIR ".libs/"
| #define LINUX 1
| #define HAVE_LISTEN_SHUTDOWN 1
| #define HAVE_SYS_EPOLL_H 1
| #define EPOLL_SUPPORT 1
| #define HAVE_FCNTL_H 1
| #define HAVE_MATH_H 1
| #define HAVE_ERRNO_H 1
| #define HAVE_LIMITS_H 1
| #define HAVE_STDIO_H 1
| #define HAVE_LOCALE_H 1
| #define HAVE_SYS_STAT_H 1
| #define HAVE_SYS_TYPES_H 1
| #define HAVE_PTHREAD_H 1
| #define HAVE_SYS_TYPES_H 1
| #define HAVE_SYS_TIME_H 1
| #define HAVE_SYS_MSG_H 1
| #define HAVE_NETDB_H 1
| #define HAVE_NETINET_IN_H 1
| #define HAVE_NETINET_TCP_H 1
| #define HAVE_TIME_H 1
| #define HAVE_SYS_SOCKET_H 1
| #define HAVE_SYS_MMAN_H 1
| #define HAVE_ARPA_INET_H 1
| #define HAVE_SYS_SELECT_H 1
| #define HAVE_POLL_H 1
| #define HAVE_SEARCH_H 1
| #define HAVE_MEMMEM 1
| #define HAVE_ACCEPT4 1
| #define HAVE_SOCK_NONBLOCK 1
| #define HAVE_CLOCK_GETTIME 1
| #define HAVE_INET6 1
| #define HAVE_DECL_TCP_CORK 1
| #define HAVE_DECL_TCP_NOPUSH 0
| #define SPDY_SUPPORT 0
| #define HAVE_FSEEKO 1
| #define HAVE_MESSAGES 1
| #define MHD_GCRYPT_VERSION "1:1.2.2"
| /* end confdefs.h.  */
| #include <gnutls/gnutls.h>
configure:15038: result: no
configure:15038: checking for gnutls/gnutls.h
configure:15038: result: no
configure:15106: checking whether to support HTTPS
configure:15135: result: no (lacking libgcrypt or libgnutls)
configure:15148: checking whether to support HTTP basic authentication
configure:15167: result: yes
configure:15179: checking whether to support HTTP digest authentication
configure:15198: result: yes
configure:15214: checking whether -export-symbols-regex works
configure:15226: result: yes
configure:15231: checking whether to compile with support for code coverage analysis
configure:15240: result: no
configure:15600: creating ./config.status

## ---------------------- ##
## Running config.status. ##
## ---------------------- ##

This file was extended by libmicrohttpd config.status 0.9.33, which was
generated by GNU Autoconf 2.69.  Invocation command line was

  CONFIG_FILES    = 
  CONFIG_HEADERS  = 
  CONFIG_LINKS    = 
  CONFIG_COMMANDS = 
  $ ./config.status 

on ducs-ThinkPad-X200

config.status:1216: creating libmicrohttpd.pc
config.status:1216: creating Makefile
config.status:1216: creating contrib/Makefile
config.status:1216: creating doc/Makefile
config.status:1216: creating doc/doxygen/Makefile
config.status:1216: creating doc/examples/Makefile
config.status:1216: creating m4/Makefile
config.status:1216: creating src/Makefile
config.status:1216: creating src/include/Makefile
config.status:1216: creating src/include/plibc/Makefile
config.status:1216: creating src/microhttpd/Makefile
config.status:1216: creating src/microspdy/Makefile
config.status:1216: creating src/spdy2http/Makefile
config.status:1216: creating src/examples/Makefile
config.status:1216: creating src/testcurl/Makefile
config.status:1216: creating src/testcurl/https/Makefile
config.status:1216: creating src/testspdy/Makefile
config.status:1216: creating src/testzzuf/Makefile
config.status:1216: creating MHD_config.h
config.status:1445: executing depfiles commands
config.status:1445: executing libtool commands
configure:17909: Configuration Summary:
  Operating System:  linux-gnu
  libgcrypt:         no, HTTPS will not be built
  libcurl (testing): no, many unit tests will not run
  Target directory:  /usr/local
  Messages:          yes
  Basic auth.:       yes
  Digest auth.:      yes
  Postproc:          yes
  HTTPS support:     no (lacking libgcrypt or libgnutls)
  epoll support:     yes
  libmicrospdy:      no
  spdylay (testing): no

configure:17936:
  License         :  LGPL or eCos


## ---------------- ##
## Cache variables. ##
## ---------------- ##

ac_cv_build=x86_64-unknown-linux-gnu
ac_cv_c_bigendian=no
ac_cv_c_compiler_gnu=yes
ac_cv_env_CC_set=
ac_cv_env_CC_value=
ac_cv_env_CFLAGS_set=
ac_cv_env_CFLAGS_value=
ac_cv_env_CPPFLAGS_set=
ac_cv_env_CPPFLAGS_value=
ac_cv_env_CPP_set=
ac_cv_env_CPP_value=
ac_cv_env_LDFLAGS_set=
ac_cv_env_LDFLAGS_value=
ac_cv_env_LIBS_set=
ac_cv_env_LIBS_value=
ac_cv_env_build_alias_set=
ac_cv_env_build_alias_value=
ac_cv_env_host_alias_set=
ac_cv_env_host_alias_value=
ac_cv_env_target_alias_set=
ac_cv_env_target_alias_value=
ac_cv_func_SSL_library_init=no
ac_cv_func_accept4=yes
ac_cv_func_dlopen=no
ac_cv_func_memmem=yes
ac_cv_have_decl_TCP_CORK=yes
ac_cv_have_decl_TCP_NOPUSH=no
ac_cv_header_arpa_inet_h=yes
ac_cv_header_curl_curl_h=no
ac_cv_header_dlfcn_h=yes
ac_cv_header_errno_h=yes
ac_cv_header_fcntl_h=yes
ac_cv_header_gnutls_gnutls_h=no
ac_cv_header_inttypes_h=yes
ac_cv_header_limits_h=yes
ac_cv_header_locale_h=yes
ac_cv_header_math_h=yes
ac_cv_header_memory_h=yes
ac_cv_header_netdb_h=yes
ac_cv_header_netinet_in_h=yes
ac_cv_header_netinet_tcp_h=yes
ac_cv_header_openssl_err_h=no
ac_cv_header_openssl_evp_h=no
ac_cv_header_plibc_h=no
ac_cv_header_poll_h=yes
ac_cv_header_pthread_h=yes
ac_cv_header_search_h=yes
ac_cv_header_spdylay_spdylay_h=no
ac_cv_header_stdc=yes
ac_cv_header_stdint_h=yes
ac_cv_header_stdio_h=yes
ac_cv_header_stdlib_h=yes
ac_cv_header_string_h=yes
ac_cv_header_strings_h=yes
ac_cv_header_sys_epoll_h=yes
ac_cv_header_sys_mman_h=yes
ac_cv_header_sys_msg_h=yes
ac_cv_header_sys_select_h=yes
ac_cv_header_sys_socket_h=yes
ac_cv_header_sys_stat_h=yes
ac_cv_header_sys_time_h=yes
ac_cv_header_sys_types_h=yes
ac_cv_header_time_h=yes
ac_cv_header_unistd_h=yes
ac_cv_header_winsock2_h=no
ac_cv_header_ws2tcpip_h=no
ac_cv_host=x86_64-unknown-linux-gnu
ac_cv_lib_crypto_SHA1_Init=no
ac_cv_lib_dl_dlopen=yes
ac_cv_lib_magic_magic_open=no
ac_cv_lib_pthread_pthread_create=yes
ac_cv_lib_ssl_SSL_library_init=no
ac_cv_member_struct_sockaddr_in_sin_len=no
ac_cv_objext=o
ac_cv_path_EGREP='/bin/grep -E'
ac_cv_path_FGREP='/bin/grep -F'
ac_cv_path_GREP=/bin/grep
ac_cv_path_LIBGCRYPT_CONFIG=no
ac_cv_path_SED=/bin/sed
ac_cv_path_install='/usr/bin/install -c'
ac_cv_path_mkdir=/bin/mkdir
ac_cv_prog_AWK=mawk
ac_cv_prog_CPP='gcc -E'
ac_cv_prog_HAVE_CURL_BINARY=false
ac_cv_prog_HAVE_MAKEINFO_BINARY=false
ac_cv_prog_HAVE_SOCAT=0
ac_cv_prog_HAVE_ZZUF=0
ac_cv_prog_ac_ct_AR=ar
ac_cv_prog_ac_ct_CC=gcc
ac_cv_prog_ac_ct_DLLTOOL=dlltool
ac_cv_prog_ac_ct_MANIFEST_TOOL=mt
ac_cv_prog_ac_ct_OBJDUMP=objdump
ac_cv_prog_ac_ct_RANLIB=ranlib
ac_cv_prog_ac_ct_STRIP=strip
ac_cv_prog_cc_c89=
ac_cv_prog_cc_g=yes
ac_cv_prog_cc_gcc_c_o=yes
ac_cv_prog_make_make_set=yes
ac_cv_search_clock_gettime=-lrt
ac_cv_sys_file_offset_bits=no
ac_cv_sys_largefile_CC=no
ac_cv_sys_largefile_source=no
am_cv_CC_dependencies_compiler_type=gcc3
am_cv_make_support_nested_variables=yes
gn_cv_export_symbols_regex_works=yes
libcurl_cv_lib_curl_usable=no
lt_cv_ar_at_file=@
lt_cv_archive_cmds_need_lc=no
lt_cv_deplibs_check_method=pass_all
lt_cv_file_magic_cmd='$MAGIC_CMD'
lt_cv_file_magic_test_file=
lt_cv_ld_reload_flag=-r
lt_cv_nm_interface='BSD nm'
lt_cv_objdir=.libs
lt_cv_path_LD=/usr/bin/ld
lt_cv_path_NM='/usr/bin/nm -B'
lt_cv_path_mainfest_tool=no
lt_cv_prog_compiler_c_o=yes
lt_cv_prog_compiler_pic='-fPIC -DPIC'
lt_cv_prog_compiler_pic_works=yes
lt_cv_prog_compiler_rtti_exceptions=no
lt_cv_prog_compiler_static_works=yes
lt_cv_prog_gnu_ld=yes
lt_cv_sharedlib_from_linklib_cmd='printf %s\n'
lt_cv_shlibpath_overrides_runpath=no
lt_cv_sys_global_symbol_pipe='sed -n -e '\''s/^.*[	 ]\([ABCDGIRSTW][ABCDGIRSTW]*\)[	 ][	 ]*\([_A-Za-z][_A-Za-z0-9]*\)$/\1 \2 \2/p'\'' | sed '\''/ __gnu_lto/d'\'''
lt_cv_sys_global_symbol_to_c_name_address='sed -n -e '\''s/^: \([^ ]*\)[ ]*$/  {\"\1\", (void *) 0},/p'\'' -e '\''s/^[ABCDGIRSTW]* \([^ ]*\) \([^ ]*\)$/  {"\2", (void *) \&\2},/p'\'''
lt_cv_sys_global_symbol_to_c_name_address_lib_prefix='sed -n -e '\''s/^: \([^ ]*\)[ ]*$/  {\"\1\", (void *) 0},/p'\'' -e '\''s/^[ABCDGIRSTW]* \([^ ]*\) \(lib[^ ]*\)$/  {"\2", (void *) \&\2},/p'\'' -e '\''s/^[ABCDGIRSTW]* \([^ ]*\) \([^ ]*\)$/  {"lib\2", (void *) \&\2},/p'\'''
lt_cv_sys_global_symbol_to_cdecl='sed -n -e '\''s/^T .* \(.*\)$/extern int \1();/p'\'' -e '\''s/^[ABCDGIRSTW]* .* \(.*\)$/extern char \1;/p'\'''
lt_cv_sys_max_cmd_len=1572864
lt_cv_to_host_file_cmd=func_convert_file_noop
lt_cv_to_tool_file_cmd=func_convert_file_noop

## ----------------- ##
## Output variables. ##
## ----------------- ##

ACLOCAL='${SHELL} /home/ducs/test/something/http_source/libmicrohttpd-0.9.33/missing --run aclocal-1.11'
AMDEPBACKSLASH='\'
AMDEP_FALSE='#'
AMDEP_TRUE=''
AMTAR='$${TAR-tar}'
AM_BACKSLASH='\'
AM_DEFAULT_V='$(AM_DEFAULT_VERBOSITY)'
AM_DEFAULT_VERBOSITY='1'
AM_V='$(V)'
AR='ar'
AS='as'
AUTOCONF='${SHELL} /home/ducs/test/something/http_source/libmicrohttpd-0.9.33/missing --run autoconf'
AUTOHEADER='${SHELL} /home/ducs/test/something/http_source/libmicrohttpd-0.9.33/missing --run autoheader'
AUTOMAKE='${SHELL} /home/ducs/test/something/http_source/libmicrohttpd-0.9.33/missing --run automake-1.11'
AWK='mawk'
CC='gcc'
CCDEPMODE='depmode=gcc3'
CFLAGS='-fno-strict-aliasing -g -O2'
CPP='gcc -E'
CPPFLAGS=''
CYGPATH_W='echo'
DEFS='-DHAVE_CONFIG_H'
DEPDIR='.deps'
DLLTOOL='dlltool'
DSYMUTIL=''
DUMPBIN=''
ECHO_C=''
ECHO_N='-n'
ECHO_T=''
EGREP='/bin/grep -E'
ENABLE_BAUTH_FALSE='#'
ENABLE_BAUTH_TRUE=''
ENABLE_DAUTH_FALSE='#'
ENABLE_DAUTH_TRUE=''
ENABLE_EPOLL_FALSE='#'
ENABLE_EPOLL_TRUE=''
ENABLE_HTTPS_FALSE=''
ENABLE_HTTPS_TRUE='#'
ENABLE_MINITASN1_FALSE='#'
ENABLE_MINITASN1_TRUE=''
ENABLE_OPENSSL_FALSE=''
ENABLE_OPENSSL_TRUE='#'
ENABLE_SPDY_FALSE=''
ENABLE_SPDY_TRUE='#'
EXEEXT=''
EXT_LIBS=''
EXT_LIB_PATH=''
FGREP='/bin/grep -F'
GREP='/bin/grep'
HAVE_CURL_BINARY='false'
HAVE_CURL_BINARY_FALSE=''
HAVE_CURL_BINARY_TRUE='#'
HAVE_CURL_FALSE=''
HAVE_CURL_TRUE='#'
HAVE_GNUTLS_FALSE=''
HAVE_GNUTLS_TRUE='#'
HAVE_GNU_LD_FALSE='#'
HAVE_GNU_LD_TRUE=''
HAVE_LD_OUTPUT_DEF_FALSE=''
HAVE_LD_OUTPUT_DEF_TRUE='#'
HAVE_LD_VERSION_SCRIPT_FALSE=''
HAVE_LD_VERSION_SCRIPT_TRUE='#'
HAVE_MAGIC_FALSE=''
HAVE_MAGIC_TRUE='#'
HAVE_MAKEINFO_BINARY='false'
HAVE_MAKEINFO_BINARY_FALSE=''
HAVE_MAKEINFO_BINARY_TRUE='#'
HAVE_OPENSSL_FALSE=''
HAVE_OPENSSL_TRUE='#'
HAVE_POSTPROCESSOR_FALSE='#'
HAVE_POSTPROCESSOR_TRUE=''
HAVE_SOCAT='0'
HAVE_SOCAT_FALSE=''
HAVE_SOCAT_TRUE='#'
HAVE_SPDYLAY_FALSE=''
HAVE_SPDYLAY_TRUE='#'
HAVE_TSEARCH_FALSE='#'
HAVE_TSEARCH_TRUE=''
HAVE_W32_FALSE=''
HAVE_W32_TRUE='#'
HAVE_ZZUF='0'
HAVE_ZZUF_FALSE=''
HAVE_ZZUF_TRUE='#'
INSTALL_DATA='${INSTALL} -m 644'
INSTALL_PROGRAM='${INSTALL}'
INSTALL_SCRIPT='${INSTALL}'
INSTALL_STRIP_PROGRAM='$(install_sh) -c -s'
LD='/usr/bin/ld -m elf_x86_64'
LDFLAGS=''
LIBCURL=''
LIBCURL_CPPFLAGS=''
LIBGCRYPT_CFLAGS=''
LIBGCRYPT_CONFIG='no'
LIBGCRYPT_LIBS=''
LIBOBJS=''
LIBS='-lrt -lpthread '
LIBSPDY_VERSION_AGE='0'
LIBSPDY_VERSION_CURRENT='0'
LIBSPDY_VERSION_REVISION='0'
LIBTOOL='$(SHELL) $(top_builddir)/libtool'
LIB_VERSION_AGE='22'
LIB_VERSION_CURRENT='32'
LIB_VERSION_REVISION='0'
LIPO=''
LN_S='ln -s'
LTLIBOBJS=''
MAKEINFO='${SHELL} /home/ducs/test/something/http_source/libmicrohttpd-0.9.33/missing --run makeinfo'
MANIFEST_TOOL=':'
MHD_LIBDEPS=''
MHD_LIB_LDFLAGS='-export-dynamic -no-undefined'
MKDIR_P='/bin/mkdir -p'
NM='/usr/bin/nm -B'
NMEDIT=''
OBJDUMP='objdump'
OBJEXT='o'
OTOOL64=''
OTOOL=''
PACKAGE='libmicrohttpd'
PACKAGE_BUGREPORT='libmicrohttpd@gnu.org'
PACKAGE_NAME='libmicrohttpd'
PACKAGE_STRING='libmicrohttpd 0.9.33'
PACKAGE_TARNAME='libmicrohttpd'
PACKAGE_URL=''
PACKAGE_VERSION='0.9.33'
PATH_SEPARATOR=':'
PLIBC_CPPFLAGS=''
PLIBC_LDFLAGS=''
PLIBC_LIBS=''
PTHREAD_CPPFLAGS=''
PTHREAD_LDFLAGS=''
PTHREAD_LIBS='-lpthread'
RANLIB='ranlib'
SED='/bin/sed'
SET_MAKE=''
SHELL='/bin/bash'
SPDY_LIBDEPS=''
SPDY_LIB_LDFLAGS=''
STRIP='strip'
USE_COVERAGE_FALSE=''
USE_COVERAGE_TRUE='#'
USE_PRIVATE_PLIBC_H_FALSE='#'
USE_PRIVATE_PLIBC_H_TRUE=''
VERSION='0.9.33'
_libcurl_config=''
ac_ct_AR='ar'
ac_ct_CC='gcc'
ac_ct_DUMPBIN=''
am__EXEEXT_FALSE=''
am__EXEEXT_TRUE='#'
am__fastdepCC_FALSE='#'
am__fastdepCC_TRUE=''
am__include='include'
am__isrc=''
am__leading_dot='.'
am__nodep='_no'
am__quote=''
am__tar='$${TAR-tar} chof - "$$tardir"'
am__untar='$${TAR-tar} xf -'
bindir='${exec_prefix}/bin'
build='x86_64-unknown-linux-gnu'
build_alias=''
build_cpu='x86_64'
build_os='linux-gnu'
build_vendor='unknown'
datadir='${datarootdir}'
datarootdir='${prefix}/share'
docdir='${datarootdir}/doc/${PACKAGE_TARNAME}'
dvidir='${docdir}'
exec_prefix='${prefix}'
host='x86_64-unknown-linux-gnu'
host_alias=''
host_cpu='x86_64'
host_os='linux-gnu'
host_vendor='unknown'
htmldir='${docdir}'
includedir='${prefix}/include'
infodir='${datarootdir}/info'
install_sh='${SHELL} /home/ducs/test/something/http_source/libmicrohttpd-0.9.33/install-sh'
libdir='${exec_prefix}/lib'
libexecdir='${exec_prefix}/libexec'
localedir='${datarootdir}/locale'
localstatedir='${prefix}/var'
mandir='${datarootdir}/man'
mkdir_p='/bin/mkdir -p'
oldincludedir='/usr/include'
pdfdir='${docdir}'
prefix='/usr/local'
program_transform_name='s,x,x,'
psdir='${docdir}'
sbindir='${exec_prefix}/sbin'
sharedstatedir='${prefix}/com'
sysconfdir='${prefix}/etc'
target_alias=''

## ----------- ##
## confdefs.h. ##
## ----------- ##

/* confdefs.h */
#define PACKAGE_NAME "libmicrohttpd"
#define PACKAGE_TARNAME "libmicrohttpd"
#define PACKAGE_VERSION "0.9.33"
#define PACKAGE_STRING "libmicrohttpd 0.9.33"
#define PACKAGE_BUGREPORT "libmicrohttpd@gnu.org"
#define PACKAGE_URL ""
#define PACKAGE "libmicrohttpd"
#define VERSION "0.9.33"
#define STDC_HEADERS 1
#define HAVE_SYS_TYPES_H 1
#define HAVE_SYS_STAT_H 1
#define HAVE_STDLIB_H 1
#define HAVE_STRING_H 1
#define HAVE_MEMORY_H 1
#define HAVE_STRINGS_H 1
#define HAVE_INTTYPES_H 1
#define HAVE_STDINT_H 1
#define HAVE_UNISTD_H 1
#define HAVE_DLFCN_H 1
#define LT_OBJDIR ".libs/"
#define LINUX 1
#define HAVE_LISTEN_SHUTDOWN 1
#define HAVE_SYS_EPOLL_H 1
#define EPOLL_SUPPORT 1
#define HAVE_FCNTL_H 1
#define HAVE_MATH_H 1
#define HAVE_ERRNO_H 1
#define HAVE_LIMITS_H 1
#define HAVE_STDIO_H 1
#define HAVE_LOCALE_H 1
#define HAVE_SYS_STAT_H 1
#define HAVE_SYS_TYPES_H 1
#define HAVE_PTHREAD_H 1
#define HAVE_SYS_TYPES_H 1
#define HAVE_SYS_TIME_H 1
#define HAVE_SYS_MSG_H 1
#define HAVE_NETDB_H 1
#define HAVE_NETINET_IN_H 1
#define HAVE_NETINET_TCP_H 1
#define HAVE_TIME_H 1
#define HAVE_SYS_SOCKET_H 1
#define HAVE_SYS_MMAN_H 1
#define HAVE_ARPA_INET_H 1
#define HAVE_SYS_SELECT_H 1
#define HAVE_POLL_H 1
#define HAVE_SEARCH_H 1
#define HAVE_MEMMEM 1
#define HAVE_ACCEPT4 1
#define HAVE_SOCK_NONBLOCK 1
#define HAVE_CLOCK_GETTIME 1
#define HAVE_INET6 1
#define HAVE_DECL_TCP_CORK 1
#define HAVE_DECL_TCP_NOPUSH 0
#define SPDY_SUPPORT 0
#define HAVE_FSEEKO 1
#define HAVE_MESSAGES 1
#define MHD_GCRYPT_VERSION "1:1.2.2"
#define HAVE_GNUTLS 0
#define HTTPS_SUPPORT 0
#define BAUTH_SUPPORT 1
#define DAUTH_SUPPORT 1

configure: exit 0
