This file contains any messages produced by compilers while
running configure, to aid debugging if configure makes a mistake.

It was created by hehe configure 1.0, which was
generated by GNU Autoconf 2.69.  Invocation command line was

  $ ./configure 

## --------- ##
## Platform. ##
## --------- ##

hostname = ducs-ThinkPad-X200
uname -m = x86_64
uname -r = 3.5.0-13-generic
uname -s = Linux
uname -v = #14-Ubuntu SMP Wed Aug 29 16:48:44 UTC 2012

/usr/bin/uname -p = unknown
/bin/uname -X     = unknown

/bin/arch              = unknown
/usr/bin/arch -k       = unknown
/usr/convex/getsysinfo = unknown
/usr/bin/hostinfo      = unknown
/bin/machine           = unknown
/usr/bin/oslevel       = unknown
/bin/universe          = unknown

PATH: /usr/local/sbin
PATH: /usr/local/bin
PATH: /usr/sbin
PATH: /usr/bin
PATH: /sbin
PATH: /bin
PATH: /usr/games
PATH: /usr/local/games


## ----------- ##
## Core tests. ##
## ----------- ##

configure:2067: checking for a BSD-compatible install
configure:2135: result: /usr/bin/install -c
configure:2146: checking whether build environment is sane
configure:2196: result: yes
configure:2337: checking for a thread-safe mkdir -p
configure:2376: result: /bin/mkdir -p
configure:2389: checking for gawk
configure:2419: result: no
configure:2389: checking for mawk
configure:2405: found /usr/bin/mawk
configure:2416: result: mawk
configure:2427: checking whether make sets $(MAKE)
configure:2449: result: yes
configure:2581: checking for gcc
configure:2597: found /usr/bin/gcc
configure:2608: result: gcc
configure:2837: checking for C compiler version
configure:2846: gcc --version >&5
gcc (Ubuntu/Linaro 4.7.2-2ubuntu1) 4.7.2
Copyright (C) 2012 Free Software Foundation, Inc.
This is free software; see the source for copying conditions.  There is NO
warranty; not even for MERCHANTABILITY or FITNESS FOR A PARTICULAR PURPOSE.

configure:2857: $? = 0
configure:2846: gcc -v >&5
Using built-in specs.
COLLECT_GCC=gcc
COLLECT_LTO_WRAPPER=/usr/lib/gcc/x86_64-linux-gnu/4.7/lto-wrapper
Target: x86_64-linux-gnu
Configured with: ../src/configure -v --with-pkgversion='Ubuntu/Linaro 4.7.2-2ubuntu1' --with-bugurl=file:///usr/share/doc/gcc-4.7/README.Bugs --enable-languages=c,c++,go,fortran,objc,obj-c++ --prefix=/usr --program-suffix=-4.7 --enable-shared --enable-linker-build-id --with-system-zlib --libexecdir=/usr/lib --without-included-gettext --enable-threads=posix --with-gxx-include-dir=/usr/include/c++/4.7 --libdir=/usr/lib --enable-nls --with-sysroot=/ --enable-clocale=gnu --enable-libstdcxx-debug --enable-libstdcxx-time=yes --enable-gnu-unique-object --enable-plugin --enable-objc-gc --disable-werror --with-arch-32=i686 --with-tune=generic --enable-checking=release --build=x86_64-linux-gnu --host=x86_64-linux-gnu --target=x86_64-linux-gnu
Thread model: posix
gcc version 4.7.2 (Ubuntu/Linaro 4.7.2-2ubuntu1) 
configure:2857: $? = 0
configure:2846: gcc -V >&5
gcc: error: unrecognized command line option '-V'
gcc: fatal error: no input files
compilation terminated.
configure:2857: $? = 4
configure:2846: gcc -qversion >&5
gcc: error: unrecognized command line option '-qversion'
gcc: fatal error: no input files
compilation terminated.
configure:2857: $? = 4
configure:2877: checking whether the C compiler works
configure:2899: gcc    conftest.c  >&5
configure:2903: $? = 0
configure:2951: result: yes
configure:2954: checking for C compiler default output file name
configure:2956: result: a.out
configure:2962: checking for suffix of executables
configure:2969: gcc -o conftest    conftest.c  >&5
configure:2973: $? = 0
configure:2995: result: 
configure:3017: checking whether we are cross compiling
configure:3025: gcc -o conftest    conftest.c  >&5
configure:3029: $? = 0
configure:3036: ./conftest
configure:3040: $? = 0
configure:3055: result: no
configure:3060: checking for suffix of object files
configure:3082: gcc -c   conftest.c >&5
configure:3086: $? = 0
configure:3107: result: o
configure:3111: checking whether we are using the GNU C compiler
configure:3130: gcc -c   conftest.c >&5
configure:3130: $? = 0
configure:3139: result: yes
configure:3148: checking whether gcc accepts -g
configure:3168: gcc -c -g  conftest.c >&5
configure:3168: $? = 0
configure:3209: result: yes
configure:3226: checking for gcc option to accept ISO C89
configure:3289: gcc  -c -g -O2  conftest.c >&5
configure:3289: $? = 0
configure:3302: result: none needed
configure:3333: checking for style of include used by make
configure:3361: result: GNU
configure:3387: checking dependency style of gcc
configure:3498: result: gcc3
configure:3523: checking how to run the C preprocessor
configure:3554: gcc -E  conftest.c
configure:3554: $? = 0
configure:3568: gcc -E  conftest.c
conftest.c:11:28: fatal error: ac_nonexistent.h: No such file or directory
compilation terminated.
configure:3568: $? = 1
configure: failed program was:
| /* confdefs.h */
| #define PACKAGE_NAME "hehe"
| #define PACKAGE_TARNAME "hehe"
| #define PACKAGE_VERSION "1.0"
| #define PACKAGE_STRING "hehe 1.0"
| #define PACKAGE_BUGREPORT "ducs.work@gmail.com"
| #define PACKAGE_URL ""
| #define PACKAGE "hehe"
| #define VERSION "1.0"
| /* end confdefs.h.  */
| #include <ac_nonexistent.h>
configure:3593: result: gcc -E
configure:3613: gcc -E  conftest.c
configure:3613: $? = 0
configure:3627: gcc -E  conftest.c
conftest.c:11:28: fatal error: ac_nonexistent.h: No such file or directory
compilation terminated.
configure:3627: $? = 1
configure: failed program was:
| /* confdefs.h */
| #define PACKAGE_NAME "hehe"
| #define PACKAGE_TARNAME "hehe"
| #define PACKAGE_VERSION "1.0"
| #define PACKAGE_STRING "hehe 1.0"
| #define PACKAGE_BUGREPORT "ducs.work@gmail.com"
| #define PACKAGE_URL ""
| #define PACKAGE "hehe"
| #define VERSION "1.0"
| /* end confdefs.h.  */
| #include <ac_nonexistent.h>
configure:3656: checking for grep that handles long lines and -e
configure:3714: result: /bin/grep
configure:3719: checking for egrep
configure:3781: result: /bin/grep -E
configure:3786: checking for ANSI C header files
configure:3806: gcc -c -g -O2  conftest.c >&5
configure:3806: $? = 0
configure:3879: gcc -o conftest -g -O2   conftest.c  >&5
configure:3879: $? = 0
configure:3879: ./conftest
configure:3879: $? = 0
configure:3890: result: yes
configure:3903: checking for sys/types.h
configure:3903: gcc -c -g -O2  conftest.c >&5
configure:3903: $? = 0
configure:3903: result: yes
configure:3903: checking for sys/stat.h
configure:3903: gcc -c -g -O2  conftest.c >&5
configure:3903: $? = 0
configure:3903: result: yes
configure:3903: checking for stdlib.h
configure:3903: gcc -c -g -O2  conftest.c >&5
configure:3903: $? = 0
configure:3903: result: yes
configure:3903: checking for string.h
configure:3903: gcc -c -g -O2  conftest.c >&5
configure:3903: $? = 0
configure:3903: result: yes
configure:3903: checking for memory.h
configure:3903: gcc -c -g -O2  conftest.c >&5
configure:3903: $? = 0
configure:3903: result: yes
configure:3903: checking for strings.h
configure:3903: gcc -c -g -O2  conftest.c >&5
configure:3903: $? = 0
configure:3903: result: yes
configure:3903: checking for inttypes.h
configure:3903: gcc -c -g -O2  conftest.c >&5
configure:3903: $? = 0
configure:3903: result: yes
configure:3903: checking for stdint.h
configure:3903: gcc -c -g -O2  conftest.c >&5
configure:3903: $? = 0
configure:3903: result: yes
configure:3903: checking for unistd.h
configure:3903: gcc -c -g -O2  conftest.c >&5
configure:3903: $? = 0
configure:3903: result: yes
configure:3918: checking for stdlib.h
configure:3918: result: yes
configure:3918: checking for string.h
configure:3918: result: yes
configure:4065: creating ./config.status

## ---------------------- ##
## Running config.status. ##
## ---------------------- ##

This file was extended by hehe config.status 1.0, which was
generated by GNU Autoconf 2.69.  Invocation command line was

  CONFIG_FILES    = 
  CONFIG_HEADERS  = 
  CONFIG_LINKS    = 
  CONFIG_COMMANDS = 
  $ ./config.status 

on ducs-ThinkPad-X200

config.status:851: creating Makefile
config.status:851: creating src/Makefile
config.status:851: creating config.h
config.status:1032: config.h is unchanged
config.status:1080: executing depfiles commands

## ---------------- ##
## Cache variables. ##
## ---------------- ##

ac_cv_c_compiler_gnu=yes
ac_cv_env_CC_set=
ac_cv_env_CC_value=
ac_cv_env_CFLAGS_set=
ac_cv_env_CFLAGS_value=
ac_cv_env_CPPFLAGS_set=
ac_cv_env_CPPFLAGS_value=
ac_cv_env_CPP_set=
ac_cv_env_CPP_value=
ac_cv_env_LDFLAGS_set=
ac_cv_env_LDFLAGS_value=
ac_cv_env_LIBS_set=
ac_cv_env_LIBS_value=
ac_cv_env_build_alias_set=
ac_cv_env_build_alias_value=
ac_cv_env_host_alias_set=
ac_cv_env_host_alias_value=
ac_cv_env_target_alias_set=
ac_cv_env_target_alias_value=
ac_cv_header_inttypes_h=yes
ac_cv_header_memory_h=yes
ac_cv_header_stdc=yes
ac_cv_header_stdint_h=yes
ac_cv_header_stdlib_h=yes
ac_cv_header_string_h=yes
ac_cv_header_strings_h=yes
ac_cv_header_sys_stat_h=yes
ac_cv_header_sys_types_h=yes
ac_cv_header_unistd_h=yes
ac_cv_objext=o
ac_cv_path_EGREP='/bin/grep -E'
ac_cv_path_GREP=/bin/grep
ac_cv_path_install='/usr/bin/install -c'
ac_cv_path_mkdir=/bin/mkdir
ac_cv_prog_AWK=mawk
ac_cv_prog_CPP='gcc -E'
ac_cv_prog_ac_ct_CC=gcc
ac_cv_prog_cc_c89=
ac_cv_prog_cc_g=yes
ac_cv_prog_make_make_set=yes
am_cv_CC_dependencies_compiler_type=gcc3

## ----------------- ##
## Output variables. ##
## ----------------- ##

ACLOCAL='${SHELL} /home/ducs/test/something/makefile_lear/helloword/missing --run aclocal-1.11'
AMDEPBACKSLASH='\'
AMDEP_FALSE='#'
AMDEP_TRUE=''
AMTAR='$${TAR-tar}'
AUTOCONF='${SHELL} /home/ducs/test/something/makefile_lear/helloword/missing --run autoconf'
AUTOHEADER='${SHELL} /home/ducs/test/something/makefile_lear/helloword/missing --run autoheader'
AUTOMAKE='${SHELL} /home/ducs/test/something/makefile_lear/helloword/missing --run automake-1.11'
AWK='mawk'
CC='gcc'
CCDEPMODE='depmode=gcc3'
CFLAGS='-g -O2'
CPP='gcc -E'
CPPFLAGS=''
CYGPATH_W='echo'
DEFS='-DHAVE_CONFIG_H'
DEPDIR='.deps'
ECHO_C=''
ECHO_N='-n'
ECHO_T=''
EGREP='/bin/grep -E'
EXEEXT=''
GREP='/bin/grep'
INSTALL_DATA='${INSTALL} -m 644'
INSTALL_PROGRAM='${INSTALL}'
INSTALL_SCRIPT='${INSTALL}'
INSTALL_STRIP_PROGRAM='$(install_sh) -c -s'
LDFLAGS=''
LIBOBJS=''
LIBS=''
LTLIBOBJS=''
MAKEINFO='${SHELL} /home/ducs/test/something/makefile_lear/helloword/missing --run makeinfo'
MKDIR_P='/bin/mkdir -p'
OBJEXT='o'
PACKAGE='hehe'
PACKAGE_BUGREPORT='ducs.work@gmail.com'
PACKAGE_NAME='hehe'
PACKAGE_STRING='hehe 1.0'
PACKAGE_TARNAME='hehe'
PACKAGE_URL=''
PACKAGE_VERSION='1.0'
PATH_SEPARATOR=':'
SET_MAKE=''
SHELL='/bin/bash'
STRIP=''
VERSION='1.0'
ac_ct_CC='gcc'
am__EXEEXT_FALSE=''
am__EXEEXT_TRUE='#'
am__fastdepCC_FALSE='#'
am__fastdepCC_TRUE=''
am__include='include'
am__isrc=''
am__leading_dot='.'
am__nodep='_no'
am__quote=''
am__tar='$${TAR-tar} chof - "$$tardir"'
am__untar='$${TAR-tar} xf -'
bindir='${exec_prefix}/bin'
build_alias=''
datadir='${datarootdir}'
datarootdir='${prefix}/share'
docdir='${datarootdir}/doc/${PACKAGE_TARNAME}'
dvidir='${docdir}'
exec_prefix='${prefix}'
host_alias=''
htmldir='${docdir}'
includedir='${prefix}/include'
infodir='${datarootdir}/info'
install_sh='${SHELL} /home/ducs/test/something/makefile_lear/helloword/install-sh'
libdir='${exec_prefix}/lib'
libexecdir='${exec_prefix}/libexec'
localedir='${datarootdir}/locale'
localstatedir='${prefix}/var'
mandir='${datarootdir}/man'
mkdir_p='/bin/mkdir -p'
oldincludedir='/usr/include'
pdfdir='${docdir}'
prefix='/usr/local'
program_transform_name='s,x,x,'
psdir='${docdir}'
sbindir='${exec_prefix}/sbin'
sharedstatedir='${prefix}/com'
sysconfdir='${prefix}/etc'
target_alias=''

## ----------- ##
## confdefs.h. ##
## ----------- ##

/* confdefs.h */
#define PACKAGE_NAME "hehe"
#define PACKAGE_TARNAME "hehe"
#define PACKAGE_VERSION "1.0"
#define PACKAGE_STRING "hehe 1.0"
#define PACKAGE_BUGREPORT "ducs.work@gmail.com"
#define PACKAGE_URL ""
#define PACKAGE "hehe"
#define VERSION "1.0"
#define STDC_HEADERS 1
#define HAVE_SYS_TYPES_H 1
#define HAVE_SYS_STAT_H 1
#define HAVE_STDLIB_H 1
#define HAVE_STRING_H 1
#define HAVE_MEMORY_H 1
#define HAVE_STRINGS_H 1
#define HAVE_INTTYPES_H 1
#define HAVE_STDINT_H 1
#define HAVE_UNISTD_H 1
#define HAVE_STDLIB_H 1
#define HAVE_STRING_H 1

configure: exit 0
